

<!DOCTYPE html>
<html>
<head>
<meta charset="UTF-8">
<meta name="viewport" content="width=device-width, initial-scale=1, shrink-to-fit=no">
<title></title>
<link rel="apple-touch-icon" href="https://cdn.jsdelivr.net/gh/extent-framework/extent-github-cdn@b00a2d0486596e73dd7326beacf352c639623a0e/commons/img/logo.png">
<link rel="shortcut icon" href="https://cdn.jsdelivr.net/gh/extent-framework/extent-github-cdn@b00a2d0486596e73dd7326beacf352c639623a0e/commons/img/logo.png">
<link href="https://cdn.jsdelivr.net/gh/extent-framework/extent-github-cdn@ce8b10435bcbae260c334c0d0c6b61d2c19b6168/spark/css/spark-style.css" rel="stylesheet" />
<link href="https://stackpath.bootstrapcdn.com/font-awesome/4.7.0/css/font-awesome.min.css" rel="stylesheet">
<script src="https://cdn.jsdelivr.net/gh/extent-framework/extent-github-cdn@7cc78ce/spark/js/jsontree.js"></script>
<style type="text/css"></style></head><body class="spa -report standard">
  <div class="app">
    <div class="layout">
<div class="header navbar">
<div class="vheader">
<div class="nav-logo">
<a href="#">
<div class="logo" style="background-image: url('https://cdn.jsdelivr.net/gh/extent-framework/extent-github-cdn@b00a2d0486596e73dd7326beacf352c639623a0e/commons/img/logo.png')"></div>
</a>
</div>
<ul class="nav-left">
<li class="search-box">
<a class="search-toggle" href="#">
<i class="search-icon fa fa-search"></i>
<i class="search-icon-close fa fa-close"></i>
</a>
</li>
<li class="search-input"><input id="search-tests" class="form-control" type="text" placeholder="Search..."></li>
</ul>
<ul class="nav-right">
<li class="m-r-10">
<a href="#"><span class="badge badge-primary">Luma Test Results</span></a>
</li>
<li class="m-r-10">
<a href="#"><span class="badge badge-primary">May 15, 2024 12:51:16 AM</span></a>
</li>
</ul>
</div>
</div><div class="side-nav">
<div class="side-nav-inner">
<ul class="side-nav-menu">
<li class="nav-item dropdown" onclick="toggleView('test-view')">
<a id="nav-test" class="dropdown-toggle" href="#">
<span class="ico"><i class="fa fa-list"></i></span>
</a>
</li>
<li class="nav-item dropdown" onclick="toggleView('exception-view')">
<a id="nav-exception" class="dropdown-toggle" href="#">
<span class="ico"><i class="fa fa-bug"></i></span>
</a>
</li>
<li class="nav-item dropdown" onclick="toggleView('dashboard-view')">
<a id="nav-dashboard" class="dropdown-toggle" href="#">
<span class="ico"><i class="fa fa-bar-chart"></i></span>
</a>
</li>
</ul>
</div>
</div>      <div class="vcontainer">
        <div class="main-content">
<div class="test-wrapper row view test-view">
  <div class="test-list">
    <div class="test-list-tools">
<ul class="tools pull-left">
<li><a href="#"><span class="font-size-14">Tests</span></a></li>
</ul>
<ul class="tools text-right">
<li class="dropdown">
<a href="#" class="dropdown-toggle" data-toggle="dropdown"><i class="fa fa-exclamation-circle"></i></a>
<ul id="status-toggle" class="dropdown-menu dropdown-md p-v-0">
<a class="dropdown-item" status="pass" href="#"><span>Pass</span><span class="status success"></span></a>
<a class="dropdown-item" status="fail" href="#"><span>Fail</span><span class="status danger"></span></a>
<div class="dropdown-divider"></div>
<a status="clear" class="dropdown-item" href="#"><span>Clear</span><span class="pull-right"><i class="fa fa-close"></i></span></a>
</ul>
</li>
</ul>
</div>    <div class="test-list-wrapper scrollable">
      <ul class="test-list-item">
        <li class="test-item"  status="pass" test-id="1"
          author=""
          tag=""
          device="">
          <div class="test-detail">
            <p class="name">blankConfirmationPasswordRegistration</p>
            <p class="text-sm">
              <span>12:51:21 AM</span> / <span>00:00:01:774</span>
              <span class="badge pass-bg log float-right">Pass</span>
            </p>
          </div>
          <div class="test-contents d-none">
<div class="detail-head">
<div class="p-v-10">
<div class="info">
<h5 class="test-status text-pass">blankConfirmationPasswordRegistration</h5>
<span class='badge badge-success'>05.15.2024 12:51:21 AM</span>
<span class='badge badge-danger'>05.15.2024 12:51:23 AM</span>
<span class='badge badge-default'>00:00:01:774</span>
&middot; <span class='uri-anchor badge badge-default'>#test-id=1</span>
<span title='Skip to the next failed step' class='badge badge-danger pointer float-right ne ml-1'><i class="fa fa-fast-forward"></i></span>
<span title='Collapse all nodes' class='badge badge-default pointer float-right ct ml-1'><i class="fa fa-compress"></i></span>
<span title='Expand all nodes' class='badge badge-default pointer float-right et'><i class="fa fa-expand"></i></span>
</div>
</div>
</div><div class="detail-body mt-4">
<table class="table table-sm">
  <thead><tr><th class="status-col">Status</th><th class="timestamp-col">Timestamp</th><th class="details-col">Details</th></tr></thead>
  <tbody>
      <tr class="event-row">
        <td><span class="badge log info-bg">Info</span></td>
        <td>12:51:21 AM</td>
        <td>
          Test started
        </td>
      </tr>
      <tr class="event-row">
        <td><span class="badge log pass-bg">Pass</span></td>
        <td>12:51:23 AM</td>
        <td>
          Test Passed!
        </td>
      </tr>
  </tbody>
</table>
</div>
          </div>
        </li>
        <li class="test-item"  status="pass" test-id="2"
          author=""
          tag=""
          device="">
          <div class="test-detail">
            <p class="name">blankEmailRegistration</p>
            <p class="text-sm">
              <span>12:51:26 AM</span> / <span>00:00:01:417</span>
              <span class="badge pass-bg log float-right">Pass</span>
            </p>
          </div>
          <div class="test-contents d-none">
<div class="detail-head">
<div class="p-v-10">
<div class="info">
<h5 class="test-status text-pass">blankEmailRegistration</h5>
<span class='badge badge-success'>05.15.2024 12:51:26 AM</span>
<span class='badge badge-danger'>05.15.2024 12:51:28 AM</span>
<span class='badge badge-default'>00:00:01:417</span>
&middot; <span class='uri-anchor badge badge-default'>#test-id=2</span>
<span title='Skip to the next failed step' class='badge badge-danger pointer float-right ne ml-1'><i class="fa fa-fast-forward"></i></span>
<span title='Collapse all nodes' class='badge badge-default pointer float-right ct ml-1'><i class="fa fa-compress"></i></span>
<span title='Expand all nodes' class='badge badge-default pointer float-right et'><i class="fa fa-expand"></i></span>
</div>
</div>
</div><div class="detail-body mt-4">
<table class="table table-sm">
  <thead><tr><th class="status-col">Status</th><th class="timestamp-col">Timestamp</th><th class="details-col">Details</th></tr></thead>
  <tbody>
      <tr class="event-row">
        <td><span class="badge log info-bg">Info</span></td>
        <td>12:51:26 AM</td>
        <td>
          Test started
        </td>
      </tr>
      <tr class="event-row">
        <td><span class="badge log pass-bg">Pass</span></td>
        <td>12:51:28 AM</td>
        <td>
          Test Passed!
        </td>
      </tr>
  </tbody>
</table>
</div>
          </div>
        </li>
        <li class="test-item"  status="pass" test-id="3"
          author=""
          tag=""
          device="">
          <div class="test-detail">
            <p class="name">blankFirstNameRegistration</p>
            <p class="text-sm">
              <span>12:51:30 AM</span> / <span>00:00:01:457</span>
              <span class="badge pass-bg log float-right">Pass</span>
            </p>
          </div>
          <div class="test-contents d-none">
<div class="detail-head">
<div class="p-v-10">
<div class="info">
<h5 class="test-status text-pass">blankFirstNameRegistration</h5>
<span class='badge badge-success'>05.15.2024 12:51:30 AM</span>
<span class='badge badge-danger'>05.15.2024 12:51:32 AM</span>
<span class='badge badge-default'>00:00:01:457</span>
&middot; <span class='uri-anchor badge badge-default'>#test-id=3</span>
<span title='Skip to the next failed step' class='badge badge-danger pointer float-right ne ml-1'><i class="fa fa-fast-forward"></i></span>
<span title='Collapse all nodes' class='badge badge-default pointer float-right ct ml-1'><i class="fa fa-compress"></i></span>
<span title='Expand all nodes' class='badge badge-default pointer float-right et'><i class="fa fa-expand"></i></span>
</div>
</div>
</div><div class="detail-body mt-4">
<table class="table table-sm">
  <thead><tr><th class="status-col">Status</th><th class="timestamp-col">Timestamp</th><th class="details-col">Details</th></tr></thead>
  <tbody>
      <tr class="event-row">
        <td><span class="badge log info-bg">Info</span></td>
        <td>12:51:30 AM</td>
        <td>
          Test started
        </td>
      </tr>
      <tr class="event-row">
        <td><span class="badge log pass-bg">Pass</span></td>
        <td>12:51:32 AM</td>
        <td>
          Test Passed!
        </td>
      </tr>
  </tbody>
</table>
</div>
          </div>
        </li>
        <li class="test-item"  status="pass" test-id="4"
          author=""
          tag=""
          device="">
          <div class="test-detail">
            <p class="name">blankFormRegistration</p>
            <p class="text-sm">
              <span>12:51:34 AM</span> / <span>00:00:01:248</span>
              <span class="badge pass-bg log float-right">Pass</span>
            </p>
          </div>
          <div class="test-contents d-none">
<div class="detail-head">
<div class="p-v-10">
<div class="info">
<h5 class="test-status text-pass">blankFormRegistration</h5>
<span class='badge badge-success'>05.15.2024 12:51:34 AM</span>
<span class='badge badge-danger'>05.15.2024 12:51:35 AM</span>
<span class='badge badge-default'>00:00:01:248</span>
&middot; <span class='uri-anchor badge badge-default'>#test-id=4</span>
<span title='Skip to the next failed step' class='badge badge-danger pointer float-right ne ml-1'><i class="fa fa-fast-forward"></i></span>
<span title='Collapse all nodes' class='badge badge-default pointer float-right ct ml-1'><i class="fa fa-compress"></i></span>
<span title='Expand all nodes' class='badge badge-default pointer float-right et'><i class="fa fa-expand"></i></span>
</div>
</div>
</div><div class="detail-body mt-4">
<table class="table table-sm">
  <thead><tr><th class="status-col">Status</th><th class="timestamp-col">Timestamp</th><th class="details-col">Details</th></tr></thead>
  <tbody>
      <tr class="event-row">
        <td><span class="badge log info-bg">Info</span></td>
        <td>12:51:34 AM</td>
        <td>
          Test started
        </td>
      </tr>
      <tr class="event-row">
        <td><span class="badge log pass-bg">Pass</span></td>
        <td>12:51:35 AM</td>
        <td>
          Test Passed!
        </td>
      </tr>
  </tbody>
</table>
</div>
          </div>
        </li>
        <li class="test-item"  status="pass" test-id="5"
          author=""
          tag=""
          device="">
          <div class="test-detail">
            <p class="name">blankLastNameRegistration</p>
            <p class="text-sm">
              <span>12:51:38 AM</span> / <span>00:00:02:196</span>
              <span class="badge pass-bg log float-right">Pass</span>
            </p>
          </div>
          <div class="test-contents d-none">
<div class="detail-head">
<div class="p-v-10">
<div class="info">
<h5 class="test-status text-pass">blankLastNameRegistration</h5>
<span class='badge badge-success'>05.15.2024 12:51:38 AM</span>
<span class='badge badge-danger'>05.15.2024 12:51:40 AM</span>
<span class='badge badge-default'>00:00:02:196</span>
&middot; <span class='uri-anchor badge badge-default'>#test-id=5</span>
<span title='Skip to the next failed step' class='badge badge-danger pointer float-right ne ml-1'><i class="fa fa-fast-forward"></i></span>
<span title='Collapse all nodes' class='badge badge-default pointer float-right ct ml-1'><i class="fa fa-compress"></i></span>
<span title='Expand all nodes' class='badge badge-default pointer float-right et'><i class="fa fa-expand"></i></span>
</div>
</div>
</div><div class="detail-body mt-4">
<table class="table table-sm">
  <thead><tr><th class="status-col">Status</th><th class="timestamp-col">Timestamp</th><th class="details-col">Details</th></tr></thead>
  <tbody>
      <tr class="event-row">
        <td><span class="badge log info-bg">Info</span></td>
        <td>12:51:38 AM</td>
        <td>
          Test started
        </td>
      </tr>
      <tr class="event-row">
        <td><span class="badge log pass-bg">Pass</span></td>
        <td>12:51:40 AM</td>
        <td>
          Test Passed!
        </td>
      </tr>
  </tbody>
</table>
</div>
          </div>
        </li>
        <li class="test-item"  status="pass" test-id="6"
          author=""
          tag=""
          device="">
          <div class="test-detail">
            <p class="name">blankPasswordRegistration</p>
            <p class="text-sm">
              <span>12:51:42 AM</span> / <span>00:00:03:398</span>
              <span class="badge pass-bg log float-right">Pass</span>
            </p>
          </div>
          <div class="test-contents d-none">
<div class="detail-head">
<div class="p-v-10">
<div class="info">
<h5 class="test-status text-pass">blankPasswordRegistration</h5>
<span class='badge badge-success'>05.15.2024 12:51:42 AM</span>
<span class='badge badge-danger'>05.15.2024 12:51:46 AM</span>
<span class='badge badge-default'>00:00:03:398</span>
&middot; <span class='uri-anchor badge badge-default'>#test-id=6</span>
<span title='Skip to the next failed step' class='badge badge-danger pointer float-right ne ml-1'><i class="fa fa-fast-forward"></i></span>
<span title='Collapse all nodes' class='badge badge-default pointer float-right ct ml-1'><i class="fa fa-compress"></i></span>
<span title='Expand all nodes' class='badge badge-default pointer float-right et'><i class="fa fa-expand"></i></span>
</div>
</div>
</div><div class="detail-body mt-4">
<table class="table table-sm">
  <thead><tr><th class="status-col">Status</th><th class="timestamp-col">Timestamp</th><th class="details-col">Details</th></tr></thead>
  <tbody>
      <tr class="event-row">
        <td><span class="badge log info-bg">Info</span></td>
        <td>12:51:42 AM</td>
        <td>
          Test started
        </td>
      </tr>
      <tr class="event-row">
        <td><span class="badge log pass-bg">Pass</span></td>
        <td>12:51:46 AM</td>
        <td>
          Test Passed!
        </td>
      </tr>
  </tbody>
</table>
</div>
          </div>
        </li>
        <li class="test-item"  status="fail" test-id="7"
          author=""
          tag=""
          device="">
          <div class="test-detail">
            <p class="name">brokenLinksRegistration</p>
            <p class="text-sm">
              <span>12:51:48 AM</span> / <span>00:00:19:746</span>
              <span class="badge fail-bg log float-right">Fail</span>
            </p>
          </div>
          <div class="test-contents d-none">
<div class="detail-head">
<div class="p-v-10">
<div class="info">
<h5 class="test-status text-fail">brokenLinksRegistration</h5>
<span class='badge badge-success'>05.15.2024 12:51:48 AM</span>
<span class='badge badge-danger'>05.15.2024 12:52:08 AM</span>
<span class='badge badge-default'>00:00:19:746</span>
&middot; <span class='uri-anchor badge badge-default'>#test-id=7</span>
<span title='Skip to the next failed step' class='badge badge-danger pointer float-right ne ml-1'><i class="fa fa-fast-forward"></i></span>
<span title='Collapse all nodes' class='badge badge-default pointer float-right ct ml-1'><i class="fa fa-compress"></i></span>
<span title='Expand all nodes' class='badge badge-default pointer float-right et'><i class="fa fa-expand"></i></span>
</div>
</div>
</div>    <div class="row mb-3"><div class="col-md-3">
<img data-featherlight='/Users/yavaar19/Desktop/Portfolio Project/LumaAutomationFramework/src/test/java/Reporting/Screenshots/brokenLinksRegistration.png' src="/Users/yavaar19/Desktop/Portfolio Project/LumaAutomationFramework/src/test/java/Reporting/Screenshots/brokenLinksRegistration.png">
    <div class="title">brokenLinksRegistration</div>
    </div></div>
<div class="detail-body mt-4">
<table class="table table-sm">
  <thead><tr><th class="status-col">Status</th><th class="timestamp-col">Timestamp</th><th class="details-col">Details</th></tr></thead>
  <tbody>
      <tr class="event-row">
        <td><span class="badge log info-bg">Info</span></td>
        <td>12:51:48 AM</td>
        <td>
          Test started
        </td>
      </tr>
      <tr class="event-row">
        <td><span class="badge log fail-bg">Fail</span></td>
        <td>12:52:08 AM</td>
        <td>
          <textarea readonly class="code-block">java.lang.AssertionError: The following asserts failed:
	Link broken: https://buymeacoffee.com/softwaretestingboard Resp Code: 403 expected [true] but found [false],
	Link broken: https://buymeacoffee.com/softwaretestingboard Resp Code: 403 expected [true] but found [false]
	at org.testng.asserts.SoftAssert.assertAll(SoftAssert.java:46)
	at org.testng.asserts.SoftAssert.assertAll(SoftAssert.java:30)
	at TestCase.UnitTest.RegistrationPageTest.brokenLinksRegistration(RegistrationPageTest.java:647)
	at java.base/jdk.internal.reflect.DirectMethodHandleAccessor.invoke(DirectMethodHandleAccessor.java:103)
	at java.base/java.lang.reflect.Method.invoke(Method.java:580)
	at org.testng.internal.invokers.MethodInvocationHelper.invokeMethod(MethodInvocationHelper.java:141)
	at org.testng.internal.invokers.TestInvoker.invokeMethod(TestInvoker.java:686)
	at org.testng.internal.invokers.TestInvoker.invokeTestMethod(TestInvoker.java:230)
	at org.testng.internal.invokers.MethodRunner.runInSequence(MethodRunner.java:63)
	at org.testng.internal.invokers.TestInvoker$MethodInvocationAgent.invoke(TestInvoker.java:992)
	at org.testng.internal.invokers.TestInvoker.invokeTestMethods(TestInvoker.java:203)
	at org.testng.internal.invokers.TestMethodWorker.invokeTestMethods(TestMethodWorker.java:154)
	at org.testng.internal.invokers.TestMethodWorker.run(TestMethodWorker.java:134)
	at java.base/java.util.ArrayList.forEach(ArrayList.java:1596)
	at org.testng.TestRunner.privateRun(TestRunner.java:739)
	at org.testng.TestRunner.run(TestRunner.java:614)
	at org.testng.SuiteRunner.runTest(SuiteRunner.java:421)
	at org.testng.SuiteRunner.runSequentially(SuiteRunner.java:413)
	at org.testng.SuiteRunner.privateRun(SuiteRunner.java:373)
	at org.testng.SuiteRunner.run(SuiteRunner.java:312)
	at org.testng.SuiteRunnerWorker.runSuite(SuiteRunnerWorker.java:52)
	at org.testng.SuiteRunnerWorker.run(SuiteRunnerWorker.java:95)
	at org.testng.TestNG.runSuitesSequentially(TestNG.java:1274)
	at org.testng.TestNG.runSuitesLocally(TestNG.java:1208)
	at org.testng.TestNG.runSuites(TestNG.java:1112)
	at org.testng.TestNG.run(TestNG.java:1079)
	at com.intellij.rt.testng.IDEARemoteTestNG.run(IDEARemoteTestNG.java:65)
	at com.intellij.rt.testng.RemoteTestNGStarter.main(RemoteTestNGStarter.java:105)
</textarea>
          
        </td>
      </tr>
  </tbody>
</table>
</div>
          </div>
        </li>
        <li class="test-item"  status="pass" test-id="8"
          author=""
          tag=""
          device="">
          <div class="test-detail">
            <p class="name">emailRegistrationDoesNotAllowConsecutivePeriod</p>
            <p class="text-sm">
              <span>12:52:13 AM</span> / <span>00:00:01:135</span>
              <span class="badge pass-bg log float-right">Pass</span>
            </p>
          </div>
          <div class="test-contents d-none">
<div class="detail-head">
<div class="p-v-10">
<div class="info">
<h5 class="test-status text-pass">emailRegistrationDoesNotAllowConsecutivePeriod</h5>
<span class='badge badge-success'>05.15.2024 12:52:13 AM</span>
<span class='badge badge-danger'>05.15.2024 12:52:14 AM</span>
<span class='badge badge-default'>00:00:01:135</span>
&middot; <span class='uri-anchor badge badge-default'>#test-id=8</span>
<span title='Skip to the next failed step' class='badge badge-danger pointer float-right ne ml-1'><i class="fa fa-fast-forward"></i></span>
<span title='Collapse all nodes' class='badge badge-default pointer float-right ct ml-1'><i class="fa fa-compress"></i></span>
<span title='Expand all nodes' class='badge badge-default pointer float-right et'><i class="fa fa-expand"></i></span>
</div>
</div>
</div><div class="detail-body mt-4">
<table class="table table-sm">
  <thead><tr><th class="status-col">Status</th><th class="timestamp-col">Timestamp</th><th class="details-col">Details</th></tr></thead>
  <tbody>
      <tr class="event-row">
        <td><span class="badge log info-bg">Info</span></td>
        <td>12:52:13 AM</td>
        <td>
          Test started
        </td>
      </tr>
      <tr class="event-row">
        <td><span class="badge log pass-bg">Pass</span></td>
        <td>12:52:14 AM</td>
        <td>
          Test Passed!
        </td>
      </tr>
  </tbody>
</table>
</div>
          </div>
        </li>
        <li class="test-item"  status="pass" test-id="9"
          author=""
          tag=""
          device="">
          <div class="test-detail">
            <p class="name">emailRegistrationDoesNotAllowLeadingSpecialCharacter</p>
            <p class="text-sm">
              <span>12:52:18 AM</span> / <span>00:00:01:275</span>
              <span class="badge pass-bg log float-right">Pass</span>
            </p>
          </div>
          <div class="test-contents d-none">
<div class="detail-head">
<div class="p-v-10">
<div class="info">
<h5 class="test-status text-pass">emailRegistrationDoesNotAllowLeadingSpecialCharacter</h5>
<span class='badge badge-success'>05.15.2024 12:52:18 AM</span>
<span class='badge badge-danger'>05.15.2024 12:52:20 AM</span>
<span class='badge badge-default'>00:00:01:275</span>
&middot; <span class='uri-anchor badge badge-default'>#test-id=9</span>
<span title='Skip to the next failed step' class='badge badge-danger pointer float-right ne ml-1'><i class="fa fa-fast-forward"></i></span>
<span title='Collapse all nodes' class='badge badge-default pointer float-right ct ml-1'><i class="fa fa-compress"></i></span>
<span title='Expand all nodes' class='badge badge-default pointer float-right et'><i class="fa fa-expand"></i></span>
</div>
</div>
</div><div class="detail-body mt-4">
<table class="table table-sm">
  <thead><tr><th class="status-col">Status</th><th class="timestamp-col">Timestamp</th><th class="details-col">Details</th></tr></thead>
  <tbody>
      <tr class="event-row">
        <td><span class="badge log info-bg">Info</span></td>
        <td>12:52:18 AM</td>
        <td>
          Test started
        </td>
      </tr>
      <tr class="event-row">
        <td><span class="badge log pass-bg">Pass</span></td>
        <td>12:52:20 AM</td>
        <td>
          Test Passed!
        </td>
      </tr>
  </tbody>
</table>
</div>
          </div>
        </li>
        <li class="test-item"  status="pass" test-id="10"
          author=""
          tag=""
          device="">
          <div class="test-detail">
            <p class="name">emailRegistrationDoesNotAllowTrailingSpecialCharacter</p>
            <p class="text-sm">
              <span>12:52:22 AM</span> / <span>00:00:01:953</span>
              <span class="badge pass-bg log float-right">Pass</span>
            </p>
          </div>
          <div class="test-contents d-none">
<div class="detail-head">
<div class="p-v-10">
<div class="info">
<h5 class="test-status text-pass">emailRegistrationDoesNotAllowTrailingSpecialCharacter</h5>
<span class='badge badge-success'>05.15.2024 12:52:22 AM</span>
<span class='badge badge-danger'>05.15.2024 12:52:24 AM</span>
<span class='badge badge-default'>00:00:01:953</span>
&middot; <span class='uri-anchor badge badge-default'>#test-id=10</span>
<span title='Skip to the next failed step' class='badge badge-danger pointer float-right ne ml-1'><i class="fa fa-fast-forward"></i></span>
<span title='Collapse all nodes' class='badge badge-default pointer float-right ct ml-1'><i class="fa fa-compress"></i></span>
<span title='Expand all nodes' class='badge badge-default pointer float-right et'><i class="fa fa-expand"></i></span>
</div>
</div>
</div><div class="detail-body mt-4">
<table class="table table-sm">
  <thead><tr><th class="status-col">Status</th><th class="timestamp-col">Timestamp</th><th class="details-col">Details</th></tr></thead>
  <tbody>
      <tr class="event-row">
        <td><span class="badge log info-bg">Info</span></td>
        <td>12:52:22 AM</td>
        <td>
          Test started
        </td>
      </tr>
      <tr class="event-row">
        <td><span class="badge log pass-bg">Pass</span></td>
        <td>12:52:24 AM</td>
        <td>
          Test Passed!
        </td>
      </tr>
  </tbody>
</table>
</div>
          </div>
        </li>
        <li class="test-item"  status="fail" test-id="11"
          author=""
          tag=""
          device="">
          <div class="test-detail">
            <p class="name">emailRegistrationInvalidEmail</p>
            <p class="text-sm">
              <span>12:52:27 AM</span> / <span>00:00:03:805</span>
              <span class="badge fail-bg log float-right">Fail</span>
            </p>
          </div>
          <div class="test-contents d-none">
<div class="detail-head">
<div class="p-v-10">
<div class="info">
<h5 class="test-status text-fail">emailRegistrationInvalidEmail</h5>
<span class='badge badge-success'>05.15.2024 12:52:27 AM</span>
<span class='badge badge-danger'>05.15.2024 12:52:30 AM</span>
<span class='badge badge-default'>00:00:03:805</span>
&middot; <span class='uri-anchor badge badge-default'>#test-id=11</span>
<span title='Skip to the next failed step' class='badge badge-danger pointer float-right ne ml-1'><i class="fa fa-fast-forward"></i></span>
<span title='Collapse all nodes' class='badge badge-default pointer float-right ct ml-1'><i class="fa fa-compress"></i></span>
<span title='Expand all nodes' class='badge badge-default pointer float-right et'><i class="fa fa-expand"></i></span>
</div>
</div>
</div>    <div class="row mb-3"><div class="col-md-3">
<img data-featherlight='/Users/yavaar19/Desktop/Portfolio Project/LumaAutomationFramework/src/test/java/Reporting/Screenshots/emailRegistrationInvalidEmail.png' src="/Users/yavaar19/Desktop/Portfolio Project/LumaAutomationFramework/src/test/java/Reporting/Screenshots/emailRegistrationInvalidEmail.png">
    <div class="title">emailRegistrationInvalidEmail</div>
    </div></div>
<div class="detail-body mt-4">
<table class="table table-sm">
  <thead><tr><th class="status-col">Status</th><th class="timestamp-col">Timestamp</th><th class="details-col">Details</th></tr></thead>
  <tbody>
      <tr class="event-row">
        <td><span class="badge log info-bg">Info</span></td>
        <td>12:52:27 AM</td>
        <td>
          Test started
        </td>
      </tr>
      <tr class="event-row">
        <td><span class="badge log fail-bg">Fail</span></td>
        <td>12:52:30 AM</td>
        <td>
          <textarea readonly class="code-block">java.lang.AssertionError: Email error not shown! Invalid Email should not be allowed: maile.okon@gmail.comsadafd expected [true] but found [false]
	at org.testng.Assert.fail(Assert.java:111)
	at org.testng.Assert.failNotEquals(Assert.java:1578)
	at org.testng.Assert.assertTrue(Assert.java:57)
	at TestCase.UnitTest.RegistrationPageTest.emailRegistrationInvalidEmail(RegistrationPageTest.java:444)
	at java.base/jdk.internal.reflect.DirectMethodHandleAccessor.invoke(DirectMethodHandleAccessor.java:103)
	at java.base/java.lang.reflect.Method.invoke(Method.java:580)
	at org.testng.internal.invokers.MethodInvocationHelper.invokeMethod(MethodInvocationHelper.java:141)
	at org.testng.internal.invokers.TestInvoker.invokeMethod(TestInvoker.java:686)
	at org.testng.internal.invokers.TestInvoker.invokeTestMethod(TestInvoker.java:230)
	at org.testng.internal.invokers.MethodRunner.runInSequence(MethodRunner.java:63)
	at org.testng.internal.invokers.TestInvoker$MethodInvocationAgent.invoke(TestInvoker.java:992)
	at org.testng.internal.invokers.TestInvoker.invokeTestMethods(TestInvoker.java:203)
	at org.testng.internal.invokers.TestMethodWorker.invokeTestMethods(TestMethodWorker.java:154)
	at org.testng.internal.invokers.TestMethodWorker.run(TestMethodWorker.java:134)
	at java.base/java.util.ArrayList.forEach(ArrayList.java:1596)
	at org.testng.TestRunner.privateRun(TestRunner.java:739)
	at org.testng.TestRunner.run(TestRunner.java:614)
	at org.testng.SuiteRunner.runTest(SuiteRunner.java:421)
	at org.testng.SuiteRunner.runSequentially(SuiteRunner.java:413)
	at org.testng.SuiteRunner.privateRun(SuiteRunner.java:373)
	at org.testng.SuiteRunner.run(SuiteRunner.java:312)
	at org.testng.SuiteRunnerWorker.runSuite(SuiteRunnerWorker.java:52)
	at org.testng.SuiteRunnerWorker.run(SuiteRunnerWorker.java:95)
	at org.testng.TestNG.runSuitesSequentially(TestNG.java:1274)
	at org.testng.TestNG.runSuitesLocally(TestNG.java:1208)
	at org.testng.TestNG.runSuites(TestNG.java:1112)
	at org.testng.TestNG.run(TestNG.java:1079)
	at com.intellij.rt.testng.IDEARemoteTestNG.run(IDEARemoteTestNG.java:65)
	at com.intellij.rt.testng.RemoteTestNGStarter.main(RemoteTestNGStarter.java:105)
</textarea>
          
        </td>
      </tr>
  </tbody>
</table>
</div>
          </div>
        </li>
        <li class="test-item"  status="pass" test-id="12"
          author=""
          tag=""
          device="">
          <div class="test-detail">
            <p class="name">emailRegistrationWithoutAtSign</p>
            <p class="text-sm">
              <span>12:52:33 AM</span> / <span>00:00:01:084</span>
              <span class="badge pass-bg log float-right">Pass</span>
            </p>
          </div>
          <div class="test-contents d-none">
<div class="detail-head">
<div class="p-v-10">
<div class="info">
<h5 class="test-status text-pass">emailRegistrationWithoutAtSign</h5>
<span class='badge badge-success'>05.15.2024 12:52:33 AM</span>
<span class='badge badge-danger'>05.15.2024 12:52:34 AM</span>
<span class='badge badge-default'>00:00:01:084</span>
&middot; <span class='uri-anchor badge badge-default'>#test-id=12</span>
<span title='Skip to the next failed step' class='badge badge-danger pointer float-right ne ml-1'><i class="fa fa-fast-forward"></i></span>
<span title='Collapse all nodes' class='badge badge-default pointer float-right ct ml-1'><i class="fa fa-compress"></i></span>
<span title='Expand all nodes' class='badge badge-default pointer float-right et'><i class="fa fa-expand"></i></span>
</div>
</div>
</div><div class="detail-body mt-4">
<table class="table table-sm">
  <thead><tr><th class="status-col">Status</th><th class="timestamp-col">Timestamp</th><th class="details-col">Details</th></tr></thead>
  <tbody>
      <tr class="event-row">
        <td><span class="badge log info-bg">Info</span></td>
        <td>12:52:33 AM</td>
        <td>
          Test started
        </td>
      </tr>
      <tr class="event-row">
        <td><span class="badge log pass-bg">Pass</span></td>
        <td>12:52:34 AM</td>
        <td>
          Test Passed!
        </td>
      </tr>
  </tbody>
</table>
</div>
          </div>
        </li>
        <li class="test-item"  status="fail" test-id="13"
          author=""
          tag=""
          device="">
          <div class="test-detail">
            <p class="name">firstNameRegistrationWithNumber</p>
            <p class="text-sm">
              <span>12:52:37 AM</span> / <span>00:00:04:262</span>
              <span class="badge fail-bg log float-right">Fail</span>
            </p>
          </div>
          <div class="test-contents d-none">
<div class="detail-head">
<div class="p-v-10">
<div class="info">
<h5 class="test-status text-fail">firstNameRegistrationWithNumber</h5>
<span class='badge badge-success'>05.15.2024 12:52:37 AM</span>
<span class='badge badge-danger'>05.15.2024 12:52:41 AM</span>
<span class='badge badge-default'>00:00:04:262</span>
&middot; <span class='uri-anchor badge badge-default'>#test-id=13</span>
<span title='Skip to the next failed step' class='badge badge-danger pointer float-right ne ml-1'><i class="fa fa-fast-forward"></i></span>
<span title='Collapse all nodes' class='badge badge-default pointer float-right ct ml-1'><i class="fa fa-compress"></i></span>
<span title='Expand all nodes' class='badge badge-default pointer float-right et'><i class="fa fa-expand"></i></span>
</div>
</div>
</div>    <div class="row mb-3"><div class="col-md-3">
<img data-featherlight='/Users/yavaar19/Desktop/Portfolio Project/LumaAutomationFramework/src/test/java/Reporting/Screenshots/firstNameRegistrationWithNumber.png' src="/Users/yavaar19/Desktop/Portfolio Project/LumaAutomationFramework/src/test/java/Reporting/Screenshots/firstNameRegistrationWithNumber.png">
    <div class="title">firstNameRegistrationWithNumber</div>
    </div></div>
<div class="detail-body mt-4">
<table class="table table-sm">
  <thead><tr><th class="status-col">Status</th><th class="timestamp-col">Timestamp</th><th class="details-col">Details</th></tr></thead>
  <tbody>
      <tr class="event-row">
        <td><span class="badge log info-bg">Info</span></td>
        <td>12:52:37 AM</td>
        <td>
          Test started
        </td>
      </tr>
      <tr class="event-row">
        <td><span class="badge log fail-bg">Fail</span></td>
        <td>12:52:41 AM</td>
        <td>
          <textarea readonly class="code-block">java.lang.AssertionError: First name should not contain number: John1 expected [First Name is not valid!] but found [Thank you for registering with Main Website Store.]
	at org.testng.Assert.fail(Assert.java:111)
	at org.testng.Assert.failNotEquals(Assert.java:1578)
	at org.testng.Assert.assertEqualsImpl(Assert.java:150)
	at org.testng.Assert.assertEquals(Assert.java:132)
	at org.testng.Assert.assertEquals(Assert.java:656)
	at TestCase.UnitTest.RegistrationPageTest.firstNameRegistrationWithNumber(RegistrationPageTest.java:194)
	at java.base/jdk.internal.reflect.DirectMethodHandleAccessor.invoke(DirectMethodHandleAccessor.java:103)
	at java.base/java.lang.reflect.Method.invoke(Method.java:580)
	at org.testng.internal.invokers.MethodInvocationHelper.invokeMethod(MethodInvocationHelper.java:141)
	at org.testng.internal.invokers.TestInvoker.invokeMethod(TestInvoker.java:686)
	at org.testng.internal.invokers.TestInvoker.invokeTestMethod(TestInvoker.java:230)
	at org.testng.internal.invokers.MethodRunner.runInSequence(MethodRunner.java:63)
	at org.testng.internal.invokers.TestInvoker$MethodInvocationAgent.invoke(TestInvoker.java:992)
	at org.testng.internal.invokers.TestInvoker.invokeTestMethods(TestInvoker.java:203)
	at org.testng.internal.invokers.TestMethodWorker.invokeTestMethods(TestMethodWorker.java:154)
	at org.testng.internal.invokers.TestMethodWorker.run(TestMethodWorker.java:134)
	at java.base/java.util.ArrayList.forEach(ArrayList.java:1596)
	at org.testng.TestRunner.privateRun(TestRunner.java:739)
	at org.testng.TestRunner.run(TestRunner.java:614)
	at org.testng.SuiteRunner.runTest(SuiteRunner.java:421)
	at org.testng.SuiteRunner.runSequentially(SuiteRunner.java:413)
	at org.testng.SuiteRunner.privateRun(SuiteRunner.java:373)
	at org.testng.SuiteRunner.run(SuiteRunner.java:312)
	at org.testng.SuiteRunnerWorker.runSuite(SuiteRunnerWorker.java:52)
	at org.testng.SuiteRunnerWorker.run(SuiteRunnerWorker.java:95)
	at org.testng.TestNG.runSuitesSequentially(TestNG.java:1274)
	at org.testng.TestNG.runSuitesLocally(TestNG.java:1208)
	at org.testng.TestNG.runSuites(TestNG.java:1112)
	at org.testng.TestNG.run(TestNG.java:1079)
	at com.intellij.rt.testng.IDEARemoteTestNG.run(IDEARemoteTestNG.java:65)
	at com.intellij.rt.testng.RemoteTestNGStarter.main(RemoteTestNGStarter.java:105)
</textarea>
          
        </td>
      </tr>
  </tbody>
</table>
</div>
          </div>
        </li>
        <li class="test-item"  status="fail" test-id="14"
          author=""
          tag=""
          device="">
          <div class="test-detail">
            <p class="name">firstNameRegistrationWithSpace</p>
            <p class="text-sm">
              <span>12:52:44 AM</span> / <span>00:00:04:536</span>
              <span class="badge fail-bg log float-right">Fail</span>
            </p>
          </div>
          <div class="test-contents d-none">
<div class="detail-head">
<div class="p-v-10">
<div class="info">
<h5 class="test-status text-fail">firstNameRegistrationWithSpace</h5>
<span class='badge badge-success'>05.15.2024 12:52:44 AM</span>
<span class='badge badge-danger'>05.15.2024 12:52:49 AM</span>
<span class='badge badge-default'>00:00:04:536</span>
&middot; <span class='uri-anchor badge badge-default'>#test-id=14</span>
<span title='Skip to the next failed step' class='badge badge-danger pointer float-right ne ml-1'><i class="fa fa-fast-forward"></i></span>
<span title='Collapse all nodes' class='badge badge-default pointer float-right ct ml-1'><i class="fa fa-compress"></i></span>
<span title='Expand all nodes' class='badge badge-default pointer float-right et'><i class="fa fa-expand"></i></span>
</div>
</div>
</div>    <div class="row mb-3"><div class="col-md-3">
<img data-featherlight='/Users/yavaar19/Desktop/Portfolio Project/LumaAutomationFramework/src/test/java/Reporting/Screenshots/firstNameRegistrationWithSpace.png' src="/Users/yavaar19/Desktop/Portfolio Project/LumaAutomationFramework/src/test/java/Reporting/Screenshots/firstNameRegistrationWithSpace.png">
    <div class="title">firstNameRegistrationWithSpace</div>
    </div></div>
<div class="detail-body mt-4">
<table class="table table-sm">
  <thead><tr><th class="status-col">Status</th><th class="timestamp-col">Timestamp</th><th class="details-col">Details</th></tr></thead>
  <tbody>
      <tr class="event-row">
        <td><span class="badge log info-bg">Info</span></td>
        <td>12:52:44 AM</td>
        <td>
          Test started
        </td>
      </tr>
      <tr class="event-row">
        <td><span class="badge log fail-bg">Fail</span></td>
        <td>12:52:48 AM</td>
        <td>
          <textarea readonly class="code-block">java.lang.AssertionError: First name should not contain whitespace: Jo hn expected [First Name is not valid!] but found [Thank you for registering with Main Website Store.]
	at org.testng.Assert.fail(Assert.java:111)
	at org.testng.Assert.failNotEquals(Assert.java:1578)
	at org.testng.Assert.assertEqualsImpl(Assert.java:150)
	at org.testng.Assert.assertEquals(Assert.java:132)
	at org.testng.Assert.assertEquals(Assert.java:656)
	at TestCase.UnitTest.RegistrationPageTest.firstNameRegistrationWithSpace(RegistrationPageTest.java:146)
	at java.base/jdk.internal.reflect.DirectMethodHandleAccessor.invoke(DirectMethodHandleAccessor.java:103)
	at java.base/java.lang.reflect.Method.invoke(Method.java:580)
	at org.testng.internal.invokers.MethodInvocationHelper.invokeMethod(MethodInvocationHelper.java:141)
	at org.testng.internal.invokers.TestInvoker.invokeMethod(TestInvoker.java:686)
	at org.testng.internal.invokers.TestInvoker.invokeTestMethod(TestInvoker.java:230)
	at org.testng.internal.invokers.MethodRunner.runInSequence(MethodRunner.java:63)
	at org.testng.internal.invokers.TestInvoker$MethodInvocationAgent.invoke(TestInvoker.java:992)
	at org.testng.internal.invokers.TestInvoker.invokeTestMethods(TestInvoker.java:203)
	at org.testng.internal.invokers.TestMethodWorker.invokeTestMethods(TestMethodWorker.java:154)
	at org.testng.internal.invokers.TestMethodWorker.run(TestMethodWorker.java:134)
	at java.base/java.util.ArrayList.forEach(ArrayList.java:1596)
	at org.testng.TestRunner.privateRun(TestRunner.java:739)
	at org.testng.TestRunner.run(TestRunner.java:614)
	at org.testng.SuiteRunner.runTest(SuiteRunner.java:421)
	at org.testng.SuiteRunner.runSequentially(SuiteRunner.java:413)
	at org.testng.SuiteRunner.privateRun(SuiteRunner.java:373)
	at org.testng.SuiteRunner.run(SuiteRunner.java:312)
	at org.testng.SuiteRunnerWorker.runSuite(SuiteRunnerWorker.java:52)
	at org.testng.SuiteRunnerWorker.run(SuiteRunnerWorker.java:95)
	at org.testng.TestNG.runSuitesSequentially(TestNG.java:1274)
	at org.testng.TestNG.runSuitesLocally(TestNG.java:1208)
	at org.testng.TestNG.runSuites(TestNG.java:1112)
	at org.testng.TestNG.run(TestNG.java:1079)
	at com.intellij.rt.testng.IDEARemoteTestNG.run(IDEARemoteTestNG.java:65)
	at com.intellij.rt.testng.RemoteTestNGStarter.main(RemoteTestNGStarter.java:105)
</textarea>
          
        </td>
      </tr>
  </tbody>
</table>
</div>
          </div>
        </li>
        <li class="test-item"  status="pass" test-id="15"
          author=""
          tag=""
          device="">
          <div class="test-detail">
            <p class="name">firstNameRegistrationWithSpecialCharacter</p>
            <p class="text-sm">
              <span>12:52:53 AM</span> / <span>00:00:00:000</span>
              <span class="badge pass-bg log float-right">Pass</span>
            </p>
          </div>
          <div class="test-contents d-none">
<div class="detail-head">
<div class="p-v-10">
<div class="info">
<h5 class="test-status text-pass">firstNameRegistrationWithSpecialCharacter</h5>
<span class='badge badge-success'>05.15.2024 12:52:53 AM</span>
<span class='badge badge-danger'>05.15.2024 12:52:53 AM</span>
<span class='badge badge-default'>00:00:00:000</span>
&middot; <span class='uri-anchor badge badge-default'>#test-id=15</span>
<span title='Skip to the next failed step' class='badge badge-danger pointer float-right ne ml-1'><i class="fa fa-fast-forward"></i></span>
<span title='Collapse all nodes' class='badge badge-default pointer float-right ct ml-1'><i class="fa fa-compress"></i></span>
<span title='Expand all nodes' class='badge badge-default pointer float-right et'><i class="fa fa-expand"></i></span>
</div>
</div>
</div><div class="detail-body mt-4">
<table class="table table-sm">
  <thead><tr><th class="status-col">Status</th><th class="timestamp-col">Timestamp</th><th class="details-col">Details</th></tr></thead>
  <tbody>
      <tr class="event-row">
        <td><span class="badge log info-bg">Info</span></td>
        <td>12:52:53 AM</td>
        <td>
          Test started
        </td>
      </tr>
  </tbody>
</table>
</div>
          </div>
        </li>
        <li class="test-item"  status="pass" test-id="16"
          author=""
          tag=""
          device="">
          <div class="test-detail">
            <p class="name">firstNameRegistrationWithSpecialCharacter</p>
            <p class="text-sm">
              <span>12:53:00 AM</span> / <span>00:00:03:059</span>
              <span class="badge pass-bg log float-right">Pass</span>
            </p>
          </div>
          <div class="test-contents d-none">
<div class="detail-head">
<div class="p-v-10">
<div class="info">
<h5 class="test-status text-pass">firstNameRegistrationWithSpecialCharacter</h5>
<span class='badge badge-success'>05.15.2024 12:53:00 AM</span>
<span class='badge badge-danger'>05.15.2024 12:53:03 AM</span>
<span class='badge badge-default'>00:00:03:059</span>
&middot; <span class='uri-anchor badge badge-default'>#test-id=16</span>
<span title='Skip to the next failed step' class='badge badge-danger pointer float-right ne ml-1'><i class="fa fa-fast-forward"></i></span>
<span title='Collapse all nodes' class='badge badge-default pointer float-right ct ml-1'><i class="fa fa-compress"></i></span>
<span title='Expand all nodes' class='badge badge-default pointer float-right et'><i class="fa fa-expand"></i></span>
</div>
</div>
</div><div class="detail-body mt-4">
<table class="table table-sm">
  <thead><tr><th class="status-col">Status</th><th class="timestamp-col">Timestamp</th><th class="details-col">Details</th></tr></thead>
  <tbody>
      <tr class="event-row">
        <td><span class="badge log info-bg">Info</span></td>
        <td>12:53:00 AM</td>
        <td>
          Test started
        </td>
      </tr>
      <tr class="event-row">
        <td><span class="badge log pass-bg">Pass</span></td>
        <td>12:53:03 AM</td>
        <td>
          Test Passed!
        </td>
      </tr>
  </tbody>
</table>
</div>
          </div>
        </li>
        <li class="test-item"  status="fail" test-id="17"
          author=""
          tag=""
          device="">
          <div class="test-detail">
            <p class="name">getConsoleErrorLogsRegistration</p>
            <p class="text-sm">
              <span>12:53:06 AM</span> / <span>00:00:00:995</span>
              <span class="badge fail-bg log float-right">Fail</span>
            </p>
          </div>
          <div class="test-contents d-none">
<div class="detail-head">
<div class="p-v-10">
<div class="info">
<h5 class="test-status text-fail">getConsoleErrorLogsRegistration</h5>
<span class='badge badge-success'>05.15.2024 12:53:06 AM</span>
<span class='badge badge-danger'>05.15.2024 12:53:07 AM</span>
<span class='badge badge-default'>00:00:00:995</span>
&middot; <span class='uri-anchor badge badge-default'>#test-id=17</span>
<span title='Skip to the next failed step' class='badge badge-danger pointer float-right ne ml-1'><i class="fa fa-fast-forward"></i></span>
<span title='Collapse all nodes' class='badge badge-default pointer float-right ct ml-1'><i class="fa fa-compress"></i></span>
<span title='Expand all nodes' class='badge badge-default pointer float-right et'><i class="fa fa-expand"></i></span>
</div>
</div>
</div>    <div class="row mb-3"><div class="col-md-3">
<img data-featherlight='/Users/yavaar19/Desktop/Portfolio Project/LumaAutomationFramework/src/test/java/Reporting/Screenshots/getConsoleErrorLogsRegistration.png' src="/Users/yavaar19/Desktop/Portfolio Project/LumaAutomationFramework/src/test/java/Reporting/Screenshots/getConsoleErrorLogsRegistration.png">
    <div class="title">getConsoleErrorLogsRegistration</div>
    </div></div>
<div class="detail-body mt-4">
<table class="table table-sm">
  <thead><tr><th class="status-col">Status</th><th class="timestamp-col">Timestamp</th><th class="details-col">Details</th></tr></thead>
  <tbody>
      <tr class="event-row">
        <td><span class="badge log info-bg">Info</span></td>
        <td>12:53:06 AM</td>
        <td>
          Test started
        </td>
      </tr>
      <tr class="event-row">
        <td><span class="badge log fail-bg">Fail</span></td>
        <td>12:53:06 AM</td>
        <td>
          <textarea readonly class="code-block">java.lang.AssertionError: The following asserts failed:
	https://magento.softwaretestingboard.com/ 39 [Report Only] Refused to load the script 'https://connect.facebook.net/en_US/fbevents.js' because it violates the following Content Security Policy directive: "script-src assets.adobedtm.com geostag.cardinalcommerce.com 1eafstag.cardinalcommerce.com geoapi.cardinalcommerce.com 1eafapi.cardinalcommerce.com songbird.cardinalcommerce.com includestest.ccdc02.com www.googleadservices.com www.google-analytics.com secure.authorize.net test.authorize.net www.paypal.com www.sandbox.paypal.com www.paypalobjects.com t.paypal.com s.ytimg.com video.google.com vimeo.com www.vimeo.com *.vimeocdn.com js.authorize.net jstest.authorize.net cdn-scripts.signifyd.com www.youtube.com js.braintreegateway.com *.payments-amazon.com *.payments-amazon.co.uk *.payments-amazon.co.jp *.payments-amazon.jp *.payments-amazon.it *.payments-amazon.fr *.payments-amazon.es *.payments-amazon.de r1-t.trackedlink.net r2-t.trackedlink.net r3-t.trackedlink.net r1.trackedweb.net r2.trackedweb.net r3.trackedweb.net static.trackedweb.net cdn.dnky.co api.comapi.com webchat.dotdigital.com *.yotpo.com 'self' 'unsafe-inline' 'unsafe-eval'". Note that 'script-src-elem' was not explicitly set, so 'script-src' is used as a fallback.
 did not expect [SEVERE] but found [SEVERE],
	https://magento.softwaretestingboard.com/ - [Report Only] Refused to load the script 'https://media.ethicalads.io/media/client/ethicalads.min.js' because it violates the following Content Security Policy directive: "script-src assets.adobedtm.com geostag.cardinalcommerce.com 1eafstag.cardinalcommerce.com geoapi.cardinalcommerce.com 1eafapi.cardinalcommerce.com songbird.cardinalcommerce.com includestest.ccdc02.com www.googleadservices.com www.google-analytics.com secure.authorize.net test.authorize.net www.paypal.com www.sandbox.paypal.com www.paypalobjects.com t.paypal.com s.ytimg.com video.google.com vimeo.com www.vimeo.com *.vimeocdn.com js.authorize.net jstest.authorize.net cdn-scripts.signifyd.com www.youtube.com js.braintreegateway.com *.payments-amazon.com *.payments-amazon.co.uk *.payments-amazon.co.jp *.payments-amazon.jp *.payments-amazon.it *.payments-amazon.fr *.payments-amazon.es *.payments-amazon.de r1-t.trackedlink.net r2-t.trackedlink.net r3-t.trackedlink.net r1.trackedweb.net r2.trackedweb.net r3.trackedweb.net static.trackedweb.net cdn.dnky.co api.comapi.com webchat.dotdigital.com *.yotpo.com 'self' 'unsafe-inline' 'unsafe-eval'". Note that 'script-src-elem' was not explicitly set, so 'script-src' is used as a fallback.
 did not expect [SEVERE] but found [SEVERE],
	https://media.ethicalads.io/media/client/ethicalads.min.js 0 [Report Only] Refused to load the script 'https://server.ethicalads.io/api/v1/decision/?publisher=softwaretestingboardcom&ad_types=image-v1&div_ids=ad_1715748785281_368290&callback=ad_1715748785281_368290&keywords=&campaign_types=paid%7Cpublisher-house%7Ccommunity%7Chouse&format=jsonp&client_version=1.13.0&placement_index=0&url=https%3A%2F%2Fmagento.softwaretestingboard.com%2F' because it violates the following Content Security Policy directive: "script-src assets.adobedtm.com geostag.cardinalcommerce.com 1eafstag.cardinalcommerce.com geoapi.cardinalcommerce.com 1eafapi.cardinalcommerce.com songbird.cardinalcommerce.com includestest.ccdc02.com www.googleadservices.com www.google-analytics.com secure.authorize.net test.authorize.net www.paypal.com www.sandbox.paypal.com www.paypalobjects.com t.paypal.com s.ytimg.com video.google.com vimeo.com www.vimeo.com *.vimeocdn.com js.authorize.net jstest.authorize.net cdn-scripts.signifyd.com www.youtube.com js.braintreegateway.com *.payments-amazon.com *.payments-amazon.co.uk *.payments-amazon.co.jp *.payments-amazon.jp *.payments-amazon.it *.payments-amazon.fr *.payments-amazon.es *.payments-amazon.de r1-t.trackedlink.net r2-t.trackedlink.net r3-t.trackedlink.net r1.trackedweb.net r2.trackedweb.net r3.trackedweb.net static.trackedweb.net cdn.dnky.co api.comapi.com webchat.dotdigital.com *.yotpo.com 'self' 'unsafe-inline' 'unsafe-eval'". Note that 'script-src-elem' was not explicitly set, so 'script-src' is used as a fallback.
 did not expect [SEVERE] but found [SEVERE],
	https://magento.softwaretestingboard.com/ - [Report Only] Refused to load the image 'https://media.ethicalads.io/abp/px.gif?ch=1&rn=8.544863447132183' because it violates the following Content Security Policy directive: "img-src widgets.magentocommerce.com data: www.googleadservices.com www.google-analytics.com t.paypal.com www.paypal.com www.paypalobjects.com fpdbs.paypal.com fpdbs.sandbox.paypal.com *.vimeocdn.com s.ytimg.com validator.swagger.io d3sbl0c71oxeok.cloudfront.net dhkkzdfmpzvap.cloudfront.net d2bpzs5y44q6e0.cloudfront.net d37shgu97oizpd.cloudfront.net d1zlqll3enr74n.cloudfront.net d1jynp0fpwn93a.cloudfront.net d2cb3tokgpwh3v.cloudfront.net d1re8bfxx3pw6e.cloudfront.net d35u8xwkxs8vpe.cloudfront.net d13s9xffygp5o.cloudfront.net d388nbw0dwi1jm.cloudfront.net d11p2vtu3dppaw.cloudfront.net d3r89hiip86hka.cloudfront.net dc7snq0c8ipyk.cloudfront.net d5c7kvljggzso.cloudfront.net d2h8yg3ypfzua1.cloudfront.net d1b556x7apj5fb.cloudfront.net draz1ib3z71v2.cloudfront.net dr6hdp4s5yzfc.cloudfront.net d2bomicxw8p7ii.cloudfront.net d3aypcdgvjnnam.cloudfront.net d2a3iuf10348gy.cloudfront.net d23yuld0pofhhw.cloudfront.net *.ssl-images-amazon.com *.ssl-images-amazon.co.uk *.ssl-images-amazon.co.jp *.ssl-images-amazon.jp *.ssl-images-amazon.it *.ssl-images-amazon.fr *.ssl-images-amazon.es *.ssl-images-amazon.de *.media-amazon.com *.media-amazon.co.uk *.media-amazon.co.jp *.media-amazon.jp *.media-amazon.it *.media-amazon.fr *.media-amazon.es *.media-amazon.de *.yotpo.com data: 'self' 'unsafe-inline'".
 did not expect [SEVERE] but found [SEVERE],
	https://magento.softwaretestingboard.com/ - [Report Only] Refused to load the image 'https://media.ethicalads.io/abp/px.gif?ch=2&rn=8.544863447132183' because it violates the following Content Security Policy directive: "img-src widgets.magentocommerce.com data: www.googleadservices.com www.google-analytics.com t.paypal.com www.paypal.com www.paypalobjects.com fpdbs.paypal.com fpdbs.sandbox.paypal.com *.vimeocdn.com s.ytimg.com validator.swagger.io d3sbl0c71oxeok.cloudfront.net dhkkzdfmpzvap.cloudfront.net d2bpzs5y44q6e0.cloudfront.net d37shgu97oizpd.cloudfront.net d1zlqll3enr74n.cloudfront.net d1jynp0fpwn93a.cloudfront.net d2cb3tokgpwh3v.cloudfront.net d1re8bfxx3pw6e.cloudfront.net d35u8xwkxs8vpe.cloudfront.net d13s9xffygp5o.cloudfront.net d388nbw0dwi1jm.cloudfront.net d11p2vtu3dppaw.cloudfront.net d3r89hiip86hka.cloudfront.net dc7snq0c8ipyk.cloudfront.net d5c7kvljggzso.cloudfront.net d2h8yg3ypfzua1.cloudfront.net d1b556x7apj5fb.cloudfront.net draz1ib3z71v2.cloudfront.net dr6hdp4s5yzfc.cloudfront.net d2bomicxw8p7ii.cloudfront.net d3aypcdgvjnnam.cloudfront.net d2a3iuf10348gy.cloudfront.net d23yuld0pofhhw.cloudfront.net *.ssl-images-amazon.com *.ssl-images-amazon.co.uk *.ssl-images-amazon.co.jp *.ssl-images-amazon.jp *.ssl-images-amazon.it *.ssl-images-amazon.fr *.ssl-images-amazon.es *.ssl-images-amazon.de *.media-amazon.com *.media-amazon.co.uk *.media-amazon.co.jp *.media-amazon.jp *.media-amazon.it *.media-amazon.fr *.media-amazon.es *.media-amazon.de *.yotpo.com data: 'self' 'unsafe-inline'".
 did not expect [SEVERE] but found [SEVERE],
	https://connect.facebook.net/en_US/fbevents.js 23 [Report Only] Refused to load the script 'https://connect.facebook.net/signals/config/1248743922444648?v=2.9.156&r=stable&domain=magento.softwaretestingboard.com&hme=c3a545c63044e8e9102d4f32d84a1137594d024f28e801d670bc76dc5c075575&ex_m=67%2C112%2C99%2C103%2C58%2C3%2C93%2C66%2C15%2C91%2C84%2C49%2C51%2C158%2C161%2C172%2C168%2C169%2C171%2C28%2C94%2C50%2C73%2C170%2C153%2C156%2C165%2C166%2C173%2C121%2C14%2C48%2C178%2C177%2C123%2C17%2C33%2C38%2C1%2C41%2C62%2C63%2C64%2C68%2C88%2C16%2C13%2C90%2C87%2C86%2C100%2C102%2C37%2C101%2C29%2C25%2C154%2C157%2C130%2C27%2C10%2C11%2C12%2C5%2C6%2C24%2C21%2C22%2C54%2C59%2C61%2C71%2C95%2C26%2C72%2C8%2C7%2C76%2C46%2C20%2C97%2C96%2C9%2C19%2C18%2C81%2C53%2C79%2C32%2C70%2C0%2C89%2C31%2C78%2C83%2C45%2C44%2C82%2C36%2C4%2C85%2C77%2C42%2C39%2C34%2C80%2C2%2C35%2C60%2C40%2C98%2C43%2C75%2C65%2C104%2C57%2C56%2C30%2C92%2C55%2C52%2C47%2C74%2C69%2C23%2C105' because it violates the following Content Security Policy directive: "script-src assets.adobedtm.com geostag.cardinalcommerce.com 1eafstag.cardinalcommerce.com geoapi.cardinalcommerce.com 1eafapi.cardinalcommerce.com songbird.cardinalcommerce.com includestest.ccdc02.com www.googleadservices.com www.google-analytics.com secure.authorize.net test.authorize.net www.paypal.com www.sandbox.paypal.com www.paypalobjects.com t.paypal.com s.ytimg.com video.google.com vimeo.com www.vimeo.com *.vimeocdn.com js.authorize.net jstest.authorize.net cdn-scripts.signifyd.com www.youtube.com js.braintreegateway.com *.payments-amazon.com *.payments-amazon.co.uk *.payments-amazon.co.jp *.payments-amazon.jp *.payments-amazon.it *.payments-amazon.fr *.payments-amazon.es *.payments-amazon.de r1-t.trackedlink.net r2-t.trackedlink.net r3-t.trackedlink.net r1.trackedweb.net r2.trackedweb.net r3.trackedweb.net static.trackedweb.net cdn.dnky.co api.comapi.com webchat.dotdigital.com *.yotpo.com 'self' 'unsafe-inline' 'unsafe-eval'". Note that 'script-src-elem' was not explicitly set, so 'script-src' is used as a fallback.
 did not expect [SEVERE] but found [SEVERE],
	https://magento.softwaretestingboard.com/ - [Report Only] Refused to load the image 'https://www.facebook.com/tr/?id=1248743922444648&ev=PageView&dl=https%3A%2F%2Fmagento.softwaretestingboard.com%2F&rl=&if=false&ts=1715748785398&sw=1440&sh=900&v=2.9.156&r=stable&ec=0&o=4126&fbp=fb.1.1715748785395.601159084&ler=empty&cdl=API_unavailable&it=1715748785361&coo=false&rqm=GET' because it violates the following Content Security Policy directive: "img-src widgets.magentocommerce.com data: www.googleadservices.com www.google-analytics.com t.paypal.com www.paypal.com www.paypalobjects.com fpdbs.paypal.com fpdbs.sandbox.paypal.com *.vimeocdn.com s.ytimg.com validator.swagger.io d3sbl0c71oxeok.cloudfront.net dhkkzdfmpzvap.cloudfront.net d2bpzs5y44q6e0.cloudfront.net d37shgu97oizpd.cloudfront.net d1zlqll3enr74n.cloudfront.net d1jynp0fpwn93a.cloudfront.net d2cb3tokgpwh3v.cloudfront.net d1re8bfxx3pw6e.cloudfront.net d35u8xwkxs8vpe.cloudfront.net d13s9xffygp5o.cloudfront.net d388nbw0dwi1jm.cloudfront.net d11p2vtu3dppaw.cloudfront.net d3r89hiip86hka.cloudfront.net dc7snq0c8ipyk.cloudfront.net d5c7kvljggzso.cloudfront.net d2h8yg3ypfzua1.cloudfront.net d1b556x7apj5fb.cloudfront.net draz1ib3z71v2.cloudfront.net dr6hdp4s5yzfc.cloudfront.net d2bomicxw8p7ii.cloudfront.net d3aypcdgvjnnam.cloudfront.net d2a3iuf10348gy.cloudfront.net d23yuld0pofhhw.cloudfront.net *.ssl-images-amazon.com *.ssl-images-amazon.co.uk *.ssl-images-amazon.co.jp *.ssl-images-amazon.jp *.ssl-images-amazon.it *.ssl-images-amazon.fr *.ssl-images-amazon.es *.ssl-images-amazon.de *.media-amazon.com *.media-amazon.co.uk *.media-amazon.co.jp *.media-amazon.jp *.media-amazon.it *.media-amazon.fr *.media-amazon.es *.media-amazon.de *.yotpo.com data: 'self' 'unsafe-inline'".
 did not expect [SEVERE] but found [SEVERE],
	https://magento.softwaretestingboard.com/ - [Report Only] Refused to load the image 'https://ethicalads.blob.core.windows.net/media/images/2024/01/Screenshot_2024-01-08_at_11.13.23AM.png' because it violates the following Content Security Policy directive: "img-src widgets.magentocommerce.com data: www.googleadservices.com www.google-analytics.com t.paypal.com www.paypal.com www.paypalobjects.com fpdbs.paypal.com fpdbs.sandbox.paypal.com *.vimeocdn.com s.ytimg.com validator.swagger.io d3sbl0c71oxeok.cloudfront.net dhkkzdfmpzvap.cloudfront.net d2bpzs5y44q6e0.cloudfront.net d37shgu97oizpd.cloudfront.net d1zlqll3enr74n.cloudfront.net d1jynp0fpwn93a.cloudfront.net d2cb3tokgpwh3v.cloudfront.net d1re8bfxx3pw6e.cloudfront.net d35u8xwkxs8vpe.cloudfront.net d13s9xffygp5o.cloudfront.net d388nbw0dwi1jm.cloudfront.net d11p2vtu3dppaw.cloudfront.net d3r89hiip86hka.cloudfront.net dc7snq0c8ipyk.cloudfront.net d5c7kvljggzso.cloudfront.net d2h8yg3ypfzua1.cloudfront.net d1b556x7apj5fb.cloudfront.net draz1ib3z71v2.cloudfront.net dr6hdp4s5yzfc.cloudfront.net d2bomicxw8p7ii.cloudfront.net d3aypcdgvjnnam.cloudfront.net d2a3iuf10348gy.cloudfront.net d23yuld0pofhhw.cloudfront.net *.ssl-images-amazon.com *.ssl-images-amazon.co.uk *.ssl-images-amazon.co.jp *.ssl-images-amazon.jp *.ssl-images-amazon.it *.ssl-images-amazon.fr *.ssl-images-amazon.es *.ssl-images-amazon.de *.media-amazon.com *.media-amazon.co.uk *.media-amazon.co.jp *.media-amazon.jp *.media-amazon.it *.media-amazon.fr *.media-amazon.es *.media-amazon.de *.yotpo.com data: 'self' 'unsafe-inline'".
 did not expect [SEVERE] but found [SEVERE],
	https://magento.softwaretestingboard.com/ - [Report Only] Refused to load the image 'https://server.ethicalads.io/proxy/view/6498/ee07a0d9-1a3d-4364-ac3d-7e7fbe0936e9/' because it violates the following Content Security Policy directive: "img-src widgets.magentocommerce.com data: www.googleadservices.com www.google-analytics.com t.paypal.com www.paypal.com www.paypalobjects.com fpdbs.paypal.com fpdbs.sandbox.paypal.com *.vimeocdn.com s.ytimg.com validator.swagger.io d3sbl0c71oxeok.cloudfront.net dhkkzdfmpzvap.cloudfront.net d2bpzs5y44q6e0.cloudfront.net d37shgu97oizpd.cloudfront.net d1zlqll3enr74n.cloudfront.net d1jynp0fpwn93a.cloudfront.net d2cb3tokgpwh3v.cloudfront.net d1re8bfxx3pw6e.cloudfront.net d35u8xwkxs8vpe.cloudfront.net d13s9xffygp5o.cloudfront.net d388nbw0dwi1jm.cloudfront.net d11p2vtu3dppaw.cloudfront.net d3r89hiip86hka.cloudfront.net dc7snq0c8ipyk.cloudfront.net d5c7kvljggzso.cloudfront.net d2h8yg3ypfzua1.cloudfront.net d1b556x7apj5fb.cloudfront.net draz1ib3z71v2.cloudfront.net dr6hdp4s5yzfc.cloudfront.net d2bomicxw8p7ii.cloudfront.net d3aypcdgvjnnam.cloudfront.net d2a3iuf10348gy.cloudfront.net d23yuld0pofhhw.cloudfront.net *.ssl-images-amazon.com *.ssl-images-amazon.co.uk *.ssl-images-amazon.co.jp *.ssl-images-amazon.jp *.ssl-images-amazon.it *.ssl-images-amazon.fr *.ssl-images-amazon.es *.ssl-images-amazon.de *.media-amazon.com *.media-amazon.co.uk *.media-amazon.co.jp *.media-amazon.jp *.media-amazon.it *.media-amazon.fr *.media-amazon.es *.media-amazon.de *.yotpo.com data: 'self' 'unsafe-inline'".
 did not expect [SEVERE] but found [SEVERE],
	https://www.google-analytics.com/analytics.js 35 [Report Only] Refused to connect to 'https://www.google-analytics.com/j/collect?v=1&_v=j101&a=902681764&t=pageview&_s=1&dl=https%3A%2F%2Fmagento.softwaretestingboard.com%2F&ul=en-us&de=UTF-8&dt=Home%20Page&sd=30-bit&sr=1440x900&vp=1440x658&je=0&_u=IEBAAEABAAAAACAAI~&jid=1991733655&gjid=480709568&cid=1635616190.1715748786&tid=UA-92260117-7&_gid=115728489.1715748786&_r=1&_slc=1&z=1079753664' because it violates the following Content Security Policy directive: "connect-src geostag.cardinalcommerce.com geo.cardinalcommerce.com 1eafstag.cardinalcommerce.com 1eaf.cardinalcommerce.com centinelapistag.cardinalcommerce.com centinelapi.cardinalcommerce.com www.sandbox.paypal.com payments.sandbox.braintree-api.com origin-analytics-sand.sandbox.braintree-api.com assets.braintreegateway.com *.amazon.com *.amazon.co.uk *.amazon.co.jp *.amazon.jp *.amazon.it *.amazon.fr *.amazon.es *.amazon.de *.amazonpay.com *.amazonpay.co.uk *.amazonpay.co.jp *.amazonpay.jp *.amazonpay.it *.amazonpay.fr *.amazonpay.es *.amazonpay.de mws.amazonservices.com mws.amazonservices.co.uk mws.amazonservices.co.jp mws.amazonservices.jp mws.amazonservices.it mws.amazonservices.fr mws.amazonservices.es mws.amazonservices.de r1-t.trackedlink.net r2-t.trackedlink.net r3-t.trackedlink.net r1.trackedweb.net r2.trackedweb.net r3.trackedweb.net static.trackedweb.net api.comapi.com webchat.dotdigital.com *.yotpo.com 'self' 'unsafe-inline'".
 did not expect [SEVERE] but found [SEVERE],
	https://www.google-analytics.com/analytics.js 23 [Report Only] Refused to load the script 'https://www.googletagmanager.com/gtag/js?id=G-1SPG0WZDNF&cx=c&_slc=1' because it violates the following Content Security Policy directive: "script-src assets.adobedtm.com geostag.cardinalcommerce.com 1eafstag.cardinalcommerce.com geoapi.cardinalcommerce.com 1eafapi.cardinalcommerce.com songbird.cardinalcommerce.com includestest.ccdc02.com www.googleadservices.com www.google-analytics.com secure.authorize.net test.authorize.net www.paypal.com www.sandbox.paypal.com www.paypalobjects.com t.paypal.com s.ytimg.com video.google.com vimeo.com www.vimeo.com *.vimeocdn.com js.authorize.net jstest.authorize.net cdn-scripts.signifyd.com www.youtube.com js.braintreegateway.com *.payments-amazon.com *.payments-amazon.co.uk *.payments-amazon.co.jp *.payments-amazon.jp *.payments-amazon.it *.payments-amazon.fr *.payments-amazon.es *.payments-amazon.de r1-t.trackedlink.net r2-t.trackedlink.net r3-t.trackedlink.net r1.trackedweb.net r2.trackedweb.net r3.trackedweb.net static.trackedweb.net cdn.dnky.co api.comapi.com webchat.dotdigital.com *.yotpo.com 'self' 'unsafe-inline' 'unsafe-eval'". Note that 'script-src-elem' was not explicitly set, so 'script-src' is used as a fallback.
 did not expect [SEVERE] but found [SEVERE],
	https://www.googletagmanager.com/gtag/js?id=G-1SPG0WZDNF&cx=c&_slc=1 162 [Report Only] Refused to connect to 'https://analytics.google.com/g/collect?v=2&tid=G-1SPG0WZDNF&gtm=45je45d0v9125449099za200&_p=1715748785909&_gaz=1&gcd=13l3l3l3l2&npa=0&dma=0&ul=en-us&sr=1440x900&cid=1635616190.1715748786&ir=1&uaa=arm&uab=64&uafvl=Chromium%3B124.0.6367.207%7CGoogle%2520Chrome%3B124.0.6367.207%7CNot-A.Brand%3B99.0.0.0&uamb=0&uam=&uap=macOS&uapv=14.3.1&uaw=0&frm=0&pscdl=noapi&_eu=EBAI&_s=1&dl=https%3A%2F%2Fmagento.softwaretestingboard.com%2F&dt=Home%20Page&sid=1715748786&sct=1&seg=0&en=page_view&_fv=1&_ss=1&_ee=1&tfd=1340' because it violates the following Content Security Policy directive: "connect-src geostag.cardinalcommerce.com geo.cardinalcommerce.com 1eafstag.cardinalcommerce.com 1eaf.cardinalcommerce.com centinelapistag.cardinalcommerce.com centinelapi.cardinalcommerce.com www.sandbox.paypal.com payments.sandbox.braintree-api.com origin-analytics-sand.sandbox.braintree-api.com assets.braintreegateway.com *.amazon.com *.amazon.co.uk *.amazon.co.jp *.amazon.jp *.amazon.it *.amazon.fr *.amazon.es *.amazon.de *.amazonpay.com *.amazonpay.co.uk *.amazonpay.co.jp *.amazonpay.jp *.amazonpay.it *.amazonpay.fr *.amazonpay.es *.amazonpay.de mws.amazonservices.com mws.amazonservices.co.uk mws.amazonservices.co.jp mws.amazonservices.jp mws.amazonservices.it mws.amazonservices.fr mws.amazonservices.es mws.amazonservices.de r1-t.trackedlink.net r2-t.trackedlink.net r3-t.trackedlink.net r1.trackedweb.net r2.trackedweb.net r3.trackedweb.net static.trackedweb.net api.comapi.com webchat.dotdigital.com *.yotpo.com 'self' 'unsafe-inline'".
 did not expect [SEVERE] but found [SEVERE],
	https://www.googletagmanager.com/gtag/js?id=G-1SPG0WZDNF&cx=c&_slc=1 162 [Report Only] Refused to connect to 'https://analytics.google.com/g/collect?v=2&tid=G-1SPG0WZDNF&gtm=45je45d0v9125449099za200&_p=1715748785909&_gaz=1&gcd=13l3l3l3l2&npa=0&dma=0&ul=en-us&sr=1440x900&cid=1635616190.1715748786&ir=1&uaa=arm&uab=64&uafvl=Chromium%3B124.0.6367.207%7CGoogle%2520Chrome%3B124.0.6367.207%7CNot-A.Brand%3B99.0.0.0&uamb=0&uam=&uap=macOS&uapv=14.3.1&uaw=0&frm=0&pscdl=noapi&_eu=EBAI&_s=1&dl=https%3A%2F%2Fmagento.softwaretestingboard.com%2F&dt=Home%20Page&sid=1715748786&sct=1&seg=0&en=page_view&_fv=1&_ss=1&_ee=1&tfd=1340' because it violates the following Content Security Policy directive: "connect-src geostag.cardinalcommerce.com geo.cardinalcommerce.com 1eafstag.cardinalcommerce.com 1eaf.cardinalcommerce.com centinelapistag.cardinalcommerce.com centinelapi.cardinalcommerce.com www.sandbox.paypal.com payments.sandbox.braintree-api.com origin-analytics-sand.sandbox.braintree-api.com assets.braintreegateway.com *.amazon.com *.amazon.co.uk *.amazon.co.jp *.amazon.jp *.amazon.it *.amazon.fr *.amazon.es *.amazon.de *.amazonpay.com *.amazonpay.co.uk *.amazonpay.co.jp *.amazonpay.jp *.amazonpay.it *.amazonpay.fr *.amazonpay.es *.amazonpay.de mws.amazonservices.com mws.amazonservices.co.uk mws.amazonservices.co.jp mws.amazonservices.jp mws.amazonservices.it mws.amazonservices.fr mws.amazonservices.es mws.amazonservices.de r1-t.trackedlink.net r2-t.trackedlink.net r3-t.trackedlink.net r1.trackedweb.net r2.trackedweb.net r3.trackedweb.net static.trackedweb.net api.comapi.com webchat.dotdigital.com *.yotpo.com 'self' 'unsafe-inline'".
 did not expect [SEVERE] but found [SEVERE],
	https://www.googletagmanager.com/gtag/js?id=G-1SPG0WZDNF&cx=c&_slc=1 162 [Report Only] Refused to connect to 'https://stats.g.doubleclick.net/g/collect?v=2&tid=G-1SPG0WZDNF&cid=1635616190.1715748786&gtm=45je45d0v9125449099za200&aip=1&dma=0&gcd=13l3l3l3l2&npa=0&frm=0' because it violates the following Content Security Policy directive: "connect-src geostag.cardinalcommerce.com geo.cardinalcommerce.com 1eafstag.cardinalcommerce.com 1eaf.cardinalcommerce.com centinelapistag.cardinalcommerce.com centinelapi.cardinalcommerce.com www.sandbox.paypal.com payments.sandbox.braintree-api.com origin-analytics-sand.sandbox.braintree-api.com assets.braintreegateway.com *.amazon.com *.amazon.co.uk *.amazon.co.jp *.amazon.jp *.amazon.it *.amazon.fr *.amazon.es *.amazon.de *.amazonpay.com *.amazonpay.co.uk *.amazonpay.co.jp *.amazonpay.jp *.amazonpay.it *.amazonpay.fr *.amazonpay.es *.amazonpay.de mws.amazonservices.com mws.amazonservices.co.uk mws.amazonservices.co.jp mws.amazonservices.jp mws.amazonservices.it mws.amazonservices.fr mws.amazonservices.es mws.amazonservices.de r1-t.trackedlink.net r2-t.trackedlink.net r3-t.trackedlink.net r1.trackedweb.net r2.trackedweb.net r3.trackedweb.net static.trackedweb.net api.comapi.com webchat.dotdigital.com *.yotpo.com 'self' 'unsafe-inline'".
 did not expect [SEVERE] but found [SEVERE],
	https://www.googletagmanager.com/gtag/js?id=G-1SPG0WZDNF&cx=c&_slc=1 162 [Report Only] Refused to connect to 'https://stats.g.doubleclick.net/g/collect?v=2&tid=G-1SPG0WZDNF&cid=1635616190.1715748786&gtm=45je45d0v9125449099za200&aip=1&dma=0&gcd=13l3l3l3l2&npa=0&frm=0' because it violates the following Content Security Policy directive: "connect-src geostag.cardinalcommerce.com geo.cardinalcommerce.com 1eafstag.cardinalcommerce.com 1eaf.cardinalcommerce.com centinelapistag.cardinalcommerce.com centinelapi.cardinalcommerce.com www.sandbox.paypal.com payments.sandbox.braintree-api.com origin-analytics-sand.sandbox.braintree-api.com assets.braintreegateway.com *.amazon.com *.amazon.co.uk *.amazon.co.jp *.amazon.jp *.amazon.it *.amazon.fr *.amazon.es *.amazon.de *.amazonpay.com *.amazonpay.co.uk *.amazonpay.co.jp *.amazonpay.jp *.amazonpay.it *.amazonpay.fr *.amazonpay.es *.amazonpay.de mws.amazonservices.com mws.amazonservices.co.uk mws.amazonservices.co.jp mws.amazonservices.jp mws.amazonservices.it mws.amazonservices.fr mws.amazonservices.es mws.amazonservices.de r1-t.trackedlink.net r2-t.trackedlink.net r3-t.trackedlink.net r1.trackedweb.net r2.trackedweb.net r3.trackedweb.net static.trackedweb.net api.comapi.com webchat.dotdigital.com *.yotpo.com 'self' 'unsafe-inline'".
 did not expect [SEVERE] but found [SEVERE],
	https://magento.softwaretestingboard.com/ - [Report Only] Refused to load the image 'https://www.google.ca/ads/ga-audiences?v=1&t=sr&slf_rd=1&_r=4&tid=G-1SPG0WZDNF&cid=1635616190.1715748786&gtm=45je45d0v9125449099za200&aip=1&dma=0&gcd=13l3l3l3l2&npa=0&frm=0&z=563550016' because it violates the following Content Security Policy directive: "img-src widgets.magentocommerce.com data: www.googleadservices.com www.google-analytics.com t.paypal.com www.paypal.com www.paypalobjects.com fpdbs.paypal.com fpdbs.sandbox.paypal.com *.vimeocdn.com s.ytimg.com validator.swagger.io d3sbl0c71oxeok.cloudfront.net dhkkzdfmpzvap.cloudfront.net d2bpzs5y44q6e0.cloudfront.net d37shgu97oizpd.cloudfront.net d1zlqll3enr74n.cloudfront.net d1jynp0fpwn93a.cloudfront.net d2cb3tokgpwh3v.cloudfront.net d1re8bfxx3pw6e.cloudfront.net d35u8xwkxs8vpe.cloudfront.net d13s9xffygp5o.cloudfront.net d388nbw0dwi1jm.cloudfront.net d11p2vtu3dppaw.cloudfront.net d3r89hiip86hka.cloudfront.net dc7snq0c8ipyk.cloudfront.net d5c7kvljggzso.cloudfront.net d2h8yg3ypfzua1.cloudfront.net d1b556x7apj5fb.cloudfront.net draz1ib3z71v2.cloudfront.net dr6hdp4s5yzfc.cloudfront.net d2bomicxw8p7ii.cloudfront.net d3aypcdgvjnnam.cloudfront.net d2a3iuf10348gy.cloudfront.net d23yuld0pofhhw.cloudfront.net *.ssl-images-amazon.com *.ssl-images-amazon.co.uk *.ssl-images-amazon.co.jp *.ssl-images-amazon.jp *.ssl-images-amazon.it *.ssl-images-amazon.fr *.ssl-images-amazon.es *.ssl-images-amazon.de *.media-amazon.com *.media-amazon.co.uk *.media-amazon.co.jp *.media-amazon.jp *.media-amazon.it *.media-amazon.fr *.media-amazon.es *.media-amazon.de *.yotpo.com data: 'self' 'unsafe-inline'".
 did not expect [SEVERE] but found [SEVERE],
	https://magento.softwaretestingboard.com/ - [Report Only] Refused to connect to 'https://server.ethicalads.io/proxy/viewtime/6498/ee07a0d9-1a3d-4364-ac3d-7e7fbe0936e9/?view_time=1' because it violates the following Content Security Policy directive: "connect-src geostag.cardinalcommerce.com geo.cardinalcommerce.com 1eafstag.cardinalcommerce.com 1eaf.cardinalcommerce.com centinelapistag.cardinalcommerce.com centinelapi.cardinalcommerce.com www.sandbox.paypal.com payments.sandbox.braintree-api.com origin-analytics-sand.sandbox.braintree-api.com assets.braintreegateway.com *.amazon.com *.amazon.co.uk *.amazon.co.jp *.amazon.jp *.amazon.it *.amazon.fr *.amazon.es *.amazon.de *.amazonpay.com *.amazonpay.co.uk *.amazonpay.co.jp *.amazonpay.jp *.amazonpay.it *.amazonpay.fr *.amazonpay.es *.amazonpay.de mws.amazonservices.com mws.amazonservices.co.uk mws.amazonservices.co.jp mws.amazonservices.jp mws.amazonservices.it mws.amazonservices.fr mws.amazonservices.es mws.amazonservices.de r1-t.trackedlink.net r2-t.trackedlink.net r3-t.trackedlink.net r1.trackedweb.net r2.trackedweb.net r3.trackedweb.net static.trackedweb.net api.comapi.com webchat.dotdigital.com *.yotpo.com 'self' 'unsafe-inline'".
 did not expect [SEVERE] but found [SEVERE],
	https://magento.softwaretestingboard.com/customer/account/create/ 39 [Report Only] Refused to load the script 'https://connect.facebook.net/en_US/fbevents.js' because it violates the following Content Security Policy directive: "script-src assets.adobedtm.com geostag.cardinalcommerce.com 1eafstag.cardinalcommerce.com geoapi.cardinalcommerce.com 1eafapi.cardinalcommerce.com songbird.cardinalcommerce.com includestest.ccdc02.com www.googleadservices.com www.google-analytics.com secure.authorize.net test.authorize.net www.paypal.com www.sandbox.paypal.com www.paypalobjects.com t.paypal.com s.ytimg.com video.google.com vimeo.com www.vimeo.com *.vimeocdn.com js.authorize.net jstest.authorize.net cdn-scripts.signifyd.com www.youtube.com js.braintreegateway.com *.payments-amazon.com *.payments-amazon.co.uk *.payments-amazon.co.jp *.payments-amazon.jp *.payments-amazon.it *.payments-amazon.fr *.payments-amazon.es *.payments-amazon.de r1-t.trackedlink.net r2-t.trackedlink.net r3-t.trackedlink.net r1.trackedweb.net r2.trackedweb.net r3.trackedweb.net static.trackedweb.net cdn.dnky.co api.comapi.com webchat.dotdigital.com *.yotpo.com 'self' 'unsafe-inline' 'unsafe-eval'". Note that 'script-src-elem' was not explicitly set, so 'script-src' is used as a fallback.
 did not expect [SEVERE] but found [SEVERE],
	https://magento.softwaretestingboard.com/customer/account/create/ - [Report Only] Refused to load the script 'https://media.ethicalads.io/media/client/ethicalads.min.js' because it violates the following Content Security Policy directive: "script-src assets.adobedtm.com geostag.cardinalcommerce.com 1eafstag.cardinalcommerce.com geoapi.cardinalcommerce.com 1eafapi.cardinalcommerce.com songbird.cardinalcommerce.com includestest.ccdc02.com www.googleadservices.com www.google-analytics.com secure.authorize.net test.authorize.net www.paypal.com www.sandbox.paypal.com www.paypalobjects.com t.paypal.com s.ytimg.com video.google.com vimeo.com www.vimeo.com *.vimeocdn.com js.authorize.net jstest.authorize.net cdn-scripts.signifyd.com www.youtube.com js.braintreegateway.com *.payments-amazon.com *.payments-amazon.co.uk *.payments-amazon.co.jp *.payments-amazon.jp *.payments-amazon.it *.payments-amazon.fr *.payments-amazon.es *.payments-amazon.de r1-t.trackedlink.net r2-t.trackedlink.net r3-t.trackedlink.net r1.trackedweb.net r2.trackedweb.net r3.trackedweb.net static.trackedweb.net cdn.dnky.co api.comapi.com webchat.dotdigital.com *.yotpo.com 'self' 'unsafe-inline' 'unsafe-eval'". Note that 'script-src-elem' was not explicitly set, so 'script-src' is used as a fallback.
 did not expect [SEVERE] but found [SEVERE],
	https://connect.facebook.net/en_US/fbevents.js 23 [Report Only] Refused to load the script 'https://connect.facebook.net/signals/config/1248743922444648?v=2.9.156&r=stable&domain=magento.softwaretestingboard.com&hme=c3a545c63044e8e9102d4f32d84a1137594d024f28e801d670bc76dc5c075575&ex_m=67%2C112%2C99%2C103%2C58%2C3%2C93%2C66%2C15%2C91%2C84%2C49%2C51%2C158%2C161%2C172%2C168%2C169%2C171%2C28%2C94%2C50%2C73%2C170%2C153%2C156%2C165%2C166%2C173%2C121%2C14%2C48%2C178%2C177%2C123%2C17%2C33%2C38%2C1%2C41%2C62%2C63%2C64%2C68%2C88%2C16%2C13%2C90%2C87%2C86%2C100%2C102%2C37%2C101%2C29%2C25%2C154%2C157%2C130%2C27%2C10%2C11%2C12%2C5%2C6%2C24%2C21%2C22%2C54%2C59%2C61%2C71%2C95%2C26%2C72%2C8%2C7%2C76%2C46%2C20%2C97%2C96%2C9%2C19%2C18%2C81%2C53%2C79%2C32%2C70%2C0%2C89%2C31%2C78%2C83%2C45%2C44%2C82%2C36%2C4%2C85%2C77%2C42%2C39%2C34%2C80%2C2%2C35%2C60%2C40%2C98%2C43%2C75%2C65%2C104%2C57%2C56%2C30%2C92%2C55%2C52%2C47%2C74%2C69%2C23%2C105' because it violates the following Content Security Policy directive: "script-src assets.adobedtm.com geostag.cardinalcommerce.com 1eafstag.cardinalcommerce.com geoapi.cardinalcommerce.com 1eafapi.cardinalcommerce.com songbird.cardinalcommerce.com includestest.ccdc02.com www.googleadservices.com www.google-analytics.com secure.authorize.net test.authorize.net www.paypal.com www.sandbox.paypal.com www.paypalobjects.com t.paypal.com s.ytimg.com video.google.com vimeo.com www.vimeo.com *.vimeocdn.com js.authorize.net jstest.authorize.net cdn-scripts.signifyd.com www.youtube.com js.braintreegateway.com *.payments-amazon.com *.payments-amazon.co.uk *.payments-amazon.co.jp *.payments-amazon.jp *.payments-amazon.it *.payments-amazon.fr *.payments-amazon.es *.payments-amazon.de r1-t.trackedlink.net r2-t.trackedlink.net r3-t.trackedlink.net r1.trackedweb.net r2.trackedweb.net r3.trackedweb.net static.trackedweb.net cdn.dnky.co api.comapi.com webchat.dotdigital.com *.yotpo.com 'self' 'unsafe-inline' 'unsafe-eval'". Note that 'script-src-elem' was not explicitly set, so 'script-src' is used as a fallback.
 did not expect [SEVERE] but found [SEVERE],
	https://media.ethicalads.io/media/client/ethicalads.min.js 0 [Report Only] Refused to load the script 'https://server.ethicalads.io/api/v1/decision/?publisher=softwaretestingboardcom&ad_types=image-v1&div_ids=ad_1715748786764_82888&callback=ad_1715748786764_82888&keywords=&campaign_types=paid%7Cpublisher-house%7Ccommunity%7Chouse&format=jsonp&client_version=1.13.0&placement_index=0&url=https%3A%2F%2Fmagento.softwaretestingboard.com%2Fcustomer%2Faccount%2Fcreate%2F' because it violates the following Content Security Policy directive: "script-src assets.adobedtm.com geostag.cardinalcommerce.com 1eafstag.cardinalcommerce.com geoapi.cardinalcommerce.com 1eafapi.cardinalcommerce.com songbird.cardinalcommerce.com includestest.ccdc02.com www.googleadservices.com www.google-analytics.com secure.authorize.net test.authorize.net www.paypal.com www.sandbox.paypal.com www.paypalobjects.com t.paypal.com s.ytimg.com video.google.com vimeo.com www.vimeo.com *.vimeocdn.com js.authorize.net jstest.authorize.net cdn-scripts.signifyd.com www.youtube.com js.braintreegateway.com *.payments-amazon.com *.payments-amazon.co.uk *.payments-amazon.co.jp *.payments-amazon.jp *.payments-amazon.it *.payments-amazon.fr *.payments-amazon.es *.payments-amazon.de r1-t.trackedlink.net r2-t.trackedlink.net r3-t.trackedlink.net r1.trackedweb.net r2.trackedweb.net r3.trackedweb.net static.trackedweb.net cdn.dnky.co api.comapi.com webchat.dotdigital.com *.yotpo.com 'self' 'unsafe-inline' 'unsafe-eval'". Note that 'script-src-elem' was not explicitly set, so 'script-src' is used as a fallback.
 did not expect [SEVERE] but found [SEVERE],
	https://magento.softwaretestingboard.com/customer/account/create/ - [Report Only] Refused to load the image 'https://media.ethicalads.io/abp/px.gif?ch=1&rn=0.19448590534898313' because it violates the following Content Security Policy directive: "img-src widgets.magentocommerce.com data: www.googleadservices.com www.google-analytics.com t.paypal.com www.paypal.com www.paypalobjects.com fpdbs.paypal.com fpdbs.sandbox.paypal.com *.vimeocdn.com s.ytimg.com validator.swagger.io d3sbl0c71oxeok.cloudfront.net dhkkzdfmpzvap.cloudfront.net d2bpzs5y44q6e0.cloudfront.net d37shgu97oizpd.cloudfront.net d1zlqll3enr74n.cloudfront.net d1jynp0fpwn93a.cloudfront.net d2cb3tokgpwh3v.cloudfront.net d1re8bfxx3pw6e.cloudfront.net d35u8xwkxs8vpe.cloudfront.net d13s9xffygp5o.cloudfront.net d388nbw0dwi1jm.cloudfront.net d11p2vtu3dppaw.cloudfront.net d3r89hiip86hka.cloudfront.net dc7snq0c8ipyk.cloudfront.net d5c7kvljggzso.cloudfront.net d2h8yg3ypfzua1.cloudfront.net d1b556x7apj5fb.cloudfront.net draz1ib3z71v2.cloudfront.net dr6hdp4s5yzfc.cloudfront.net d2bomicxw8p7ii.cloudfront.net d3aypcdgvjnnam.cloudfront.net d2a3iuf10348gy.cloudfront.net d23yuld0pofhhw.cloudfront.net *.ssl-images-amazon.com *.ssl-images-amazon.co.uk *.ssl-images-amazon.co.jp *.ssl-images-amazon.jp *.ssl-images-amazon.it *.ssl-images-amazon.fr *.ssl-images-amazon.es *.ssl-images-amazon.de *.media-amazon.com *.media-amazon.co.uk *.media-amazon.co.jp *.media-amazon.jp *.media-amazon.it *.media-amazon.fr *.media-amazon.es *.media-amazon.de *.yotpo.com data: 'self' 'unsafe-inline'".
 did not expect [SEVERE] but found [SEVERE],
	https://magento.softwaretestingboard.com/customer/account/create/ - [Report Only] Refused to load the image 'https://media.ethicalads.io/abp/px.gif?ch=2&rn=0.19448590534898313' because it violates the following Content Security Policy directive: "img-src widgets.magentocommerce.com data: www.googleadservices.com www.google-analytics.com t.paypal.com www.paypal.com www.paypalobjects.com fpdbs.paypal.com fpdbs.sandbox.paypal.com *.vimeocdn.com s.ytimg.com validator.swagger.io d3sbl0c71oxeok.cloudfront.net dhkkzdfmpzvap.cloudfront.net d2bpzs5y44q6e0.cloudfront.net d37shgu97oizpd.cloudfront.net d1zlqll3enr74n.cloudfront.net d1jynp0fpwn93a.cloudfront.net d2cb3tokgpwh3v.cloudfront.net d1re8bfxx3pw6e.cloudfront.net d35u8xwkxs8vpe.cloudfront.net d13s9xffygp5o.cloudfront.net d388nbw0dwi1jm.cloudfront.net d11p2vtu3dppaw.cloudfront.net d3r89hiip86hka.cloudfront.net dc7snq0c8ipyk.cloudfront.net d5c7kvljggzso.cloudfront.net d2h8yg3ypfzua1.cloudfront.net d1b556x7apj5fb.cloudfront.net draz1ib3z71v2.cloudfront.net dr6hdp4s5yzfc.cloudfront.net d2bomicxw8p7ii.cloudfront.net d3aypcdgvjnnam.cloudfront.net d2a3iuf10348gy.cloudfront.net d23yuld0pofhhw.cloudfront.net *.ssl-images-amazon.com *.ssl-images-amazon.co.uk *.ssl-images-amazon.co.jp *.ssl-images-amazon.jp *.ssl-images-amazon.it *.ssl-images-amazon.fr *.ssl-images-amazon.es *.ssl-images-amazon.de *.media-amazon.com *.media-amazon.co.uk *.media-amazon.co.jp *.media-amazon.jp *.media-amazon.it *.media-amazon.fr *.media-amazon.es *.media-amazon.de *.yotpo.com data: 'self' 'unsafe-inline'".
 did not expect [SEVERE] but found [SEVERE],
	https://magento.softwaretestingboard.com/customer/account/create/ - [Report Only] Refused to load the image 'https://www.facebook.com/tr/?id=1248743922444648&ev=PageView&dl=https%3A%2F%2Fmagento.softwaretestingboard.com%2Fcustomer%2Faccount%2Fcreate%2F&rl=https%3A%2F%2Fmagento.softwaretestingboard.com%2F&if=false&ts=1715748786773&sw=1440&sh=900&v=2.9.156&r=stable&ec=0&o=4126&fbp=fb.1.1715748785395.601159084&ler=empty&cdl=API_unavailable&it=1715748786759&coo=false&rqm=GET' because it violates the following Content Security Policy directive: "img-src widgets.magentocommerce.com data: www.googleadservices.com www.google-analytics.com t.paypal.com www.paypal.com www.paypalobjects.com fpdbs.paypal.com fpdbs.sandbox.paypal.com *.vimeocdn.com s.ytimg.com validator.swagger.io d3sbl0c71oxeok.cloudfront.net dhkkzdfmpzvap.cloudfront.net d2bpzs5y44q6e0.cloudfront.net d37shgu97oizpd.cloudfront.net d1zlqll3enr74n.cloudfront.net d1jynp0fpwn93a.cloudfront.net d2cb3tokgpwh3v.cloudfront.net d1re8bfxx3pw6e.cloudfront.net d35u8xwkxs8vpe.cloudfront.net d13s9xffygp5o.cloudfront.net d388nbw0dwi1jm.cloudfront.net d11p2vtu3dppaw.cloudfront.net d3r89hiip86hka.cloudfront.net dc7snq0c8ipyk.cloudfront.net d5c7kvljggzso.cloudfront.net d2h8yg3ypfzua1.cloudfront.net d1b556x7apj5fb.cloudfront.net draz1ib3z71v2.cloudfront.net dr6hdp4s5yzfc.cloudfront.net d2bomicxw8p7ii.cloudfront.net d3aypcdgvjnnam.cloudfront.net d2a3iuf10348gy.cloudfront.net d23yuld0pofhhw.cloudfront.net *.ssl-images-amazon.com *.ssl-images-amazon.co.uk *.ssl-images-amazon.co.jp *.ssl-images-amazon.jp *.ssl-images-amazon.it *.ssl-images-amazon.fr *.ssl-images-amazon.es *.ssl-images-amazon.de *.media-amazon.com *.media-amazon.co.uk *.media-amazon.co.jp *.media-amazon.jp *.media-amazon.it *.media-amazon.fr *.media-amazon.es *.media-amazon.de *.yotpo.com data: 'self' 'unsafe-inline'".
 did not expect [SEVERE] but found [SEVERE],
	https://www.google-analytics.com/analytics.js 35 [Report Only] Refused to connect to 'https://www.google-analytics.com/j/collect?v=1&_v=j101&a=1280455435&t=pageview&_s=1&dl=https%3A%2F%2Fmagento.softwaretestingboard.com%2Fcustomer%2Faccount%2Fcreate%2F&ul=en-us&de=UTF-8&dt=Create%20New%20Customer%20Account&sd=30-bit&sr=1440x900&vp=1440x658&je=0&_u=AACAAEABAAAAACAAI~&jid=&gjid=&cid=1635616190.1715748786&tid=UA-92260117-7&_gid=115728489.1715748786&_slc=1&z=1142491294' because it violates the following Content Security Policy directive: "connect-src geostag.cardinalcommerce.com geo.cardinalcommerce.com 1eafstag.cardinalcommerce.com 1eaf.cardinalcommerce.com centinelapistag.cardinalcommerce.com centinelapi.cardinalcommerce.com www.sandbox.paypal.com payments.sandbox.braintree-api.com origin-analytics-sand.sandbox.braintree-api.com assets.braintreegateway.com *.amazon.com *.amazon.co.uk *.amazon.co.jp *.amazon.jp *.amazon.it *.amazon.fr *.amazon.es *.amazon.de *.amazonpay.com *.amazonpay.co.uk *.amazonpay.co.jp *.amazonpay.jp *.amazonpay.it *.amazonpay.fr *.amazonpay.es *.amazonpay.de mws.amazonservices.com mws.amazonservices.co.uk mws.amazonservices.co.jp mws.amazonservices.jp mws.amazonservices.it mws.amazonservices.fr mws.amazonservices.es mws.amazonservices.de r1-t.trackedlink.net r2-t.trackedlink.net r3-t.trackedlink.net r1.trackedweb.net r2.trackedweb.net r3.trackedweb.net static.trackedweb.net api.comapi.com webchat.dotdigital.com *.yotpo.com 'self' 'unsafe-inline'".
 did not expect [SEVERE] but found [SEVERE],
	https://www.google-analytics.com/analytics.js 23 [Report Only] Refused to load the script 'https://www.googletagmanager.com/gtag/js?id=G-1SPG0WZDNF&cx=c&_slc=1' because it violates the following Content Security Policy directive: "script-src assets.adobedtm.com geostag.cardinalcommerce.com 1eafstag.cardinalcommerce.com geoapi.cardinalcommerce.com 1eafapi.cardinalcommerce.com songbird.cardinalcommerce.com includestest.ccdc02.com www.googleadservices.com www.google-analytics.com secure.authorize.net test.authorize.net www.paypal.com www.sandbox.paypal.com www.paypalobjects.com t.paypal.com s.ytimg.com video.google.com vimeo.com www.vimeo.com *.vimeocdn.com js.authorize.net jstest.authorize.net cdn-scripts.signifyd.com www.youtube.com js.braintreegateway.com *.payments-amazon.com *.payments-amazon.co.uk *.payments-amazon.co.jp *.payments-amazon.jp *.payments-amazon.it *.payments-amazon.fr *.payments-amazon.es *.payments-amazon.de r1-t.trackedlink.net r2-t.trackedlink.net r3-t.trackedlink.net r1.trackedweb.net r2.trackedweb.net r3.trackedweb.net static.trackedweb.net cdn.dnky.co api.comapi.com webchat.dotdigital.com *.yotpo.com 'self' 'unsafe-inline' 'unsafe-eval'". Note that 'script-src-elem' was not explicitly set, so 'script-src' is used as a fallback.
 did not expect [SEVERE] but found [SEVERE],
	https://media.ethicalads.io/media/client/ethicalads.min.js 0 [Report Only] Refused to load the image 'https://ethicalads.blob.core.windows.net/media/images/2024/01/Screenshot_2024-01-08_at_11.13.23AM.png' because it violates the following Content Security Policy directive: "img-src widgets.magentocommerce.com data: www.googleadservices.com www.google-analytics.com t.paypal.com www.paypal.com www.paypalobjects.com fpdbs.paypal.com fpdbs.sandbox.paypal.com *.vimeocdn.com s.ytimg.com validator.swagger.io d3sbl0c71oxeok.cloudfront.net dhkkzdfmpzvap.cloudfront.net d2bpzs5y44q6e0.cloudfront.net d37shgu97oizpd.cloudfront.net d1zlqll3enr74n.cloudfront.net d1jynp0fpwn93a.cloudfront.net d2cb3tokgpwh3v.cloudfront.net d1re8bfxx3pw6e.cloudfront.net d35u8xwkxs8vpe.cloudfront.net d13s9xffygp5o.cloudfront.net d388nbw0dwi1jm.cloudfront.net d11p2vtu3dppaw.cloudfront.net d3r89hiip86hka.cloudfront.net dc7snq0c8ipyk.cloudfront.net d5c7kvljggzso.cloudfront.net d2h8yg3ypfzua1.cloudfront.net d1b556x7apj5fb.cloudfront.net draz1ib3z71v2.cloudfront.net dr6hdp4s5yzfc.cloudfront.net d2bomicxw8p7ii.cloudfront.net d3aypcdgvjnnam.cloudfront.net d2a3iuf10348gy.cloudfront.net d23yuld0pofhhw.cloudfront.net *.ssl-images-amazon.com *.ssl-images-amazon.co.uk *.ssl-images-amazon.co.jp *.ssl-images-amazon.jp *.ssl-images-amazon.it *.ssl-images-amazon.fr *.ssl-images-amazon.es *.ssl-images-amazon.de *.media-amazon.com *.media-amazon.co.uk *.media-amazon.co.jp *.media-amazon.jp *.media-amazon.it *.media-amazon.fr *.media-amazon.es *.media-amazon.de *.yotpo.com data: 'self' 'unsafe-inline'".
 did not expect [SEVERE] but found [SEVERE]
	at org.testng.asserts.SoftAssert.assertAll(SoftAssert.java:46)
	at org.testng.asserts.SoftAssert.assertAll(SoftAssert.java:30)
	at TestCase.UnitTest.RegistrationPageTest.getConsoleErrorLogsRegistration(RegistrationPageTest.java:666)
	at java.base/jdk.internal.reflect.DirectMethodHandleAccessor.invoke(DirectMethodHandleAccessor.java:103)
	at java.base/java.lang.reflect.Method.invoke(Method.java:580)
	at org.testng.internal.invokers.MethodInvocationHelper.invokeMethod(MethodInvocationHelper.java:141)
	at org.testng.internal.invokers.TestInvoker.invokeMethod(TestInvoker.java:686)
	at org.testng.internal.invokers.TestInvoker.invokeTestMethod(TestInvoker.java:230)
	at org.testng.internal.invokers.MethodRunner.runInSequence(MethodRunner.java:63)
	at org.testng.internal.invokers.TestInvoker$MethodInvocationAgent.invoke(TestInvoker.java:992)
	at org.testng.internal.invokers.TestInvoker.invokeTestMethods(TestInvoker.java:203)
	at org.testng.internal.invokers.TestMethodWorker.invokeTestMethods(TestMethodWorker.java:154)
	at org.testng.internal.invokers.TestMethodWorker.run(TestMethodWorker.java:134)
	at java.base/java.util.ArrayList.forEach(ArrayList.java:1596)
	at org.testng.TestRunner.privateRun(TestRunner.java:739)
	at org.testng.TestRunner.run(TestRunner.java:614)
	at org.testng.SuiteRunner.runTest(SuiteRunner.java:421)
	at org.testng.SuiteRunner.runSequentially(SuiteRunner.java:413)
	at org.testng.SuiteRunner.privateRun(SuiteRunner.java:373)
	at org.testng.SuiteRunner.run(SuiteRunner.java:312)
	at org.testng.SuiteRunnerWorker.runSuite(SuiteRunnerWorker.java:52)
	at org.testng.SuiteRunnerWorker.run(SuiteRunnerWorker.java:95)
	at org.testng.TestNG.runSuitesSequentially(TestNG.java:1274)
	at org.testng.TestNG.runSuitesLocally(TestNG.java:1208)
	at org.testng.TestNG.runSuites(TestNG.java:1112)
	at org.testng.TestNG.run(TestNG.java:1079)
	at com.intellij.rt.testng.IDEARemoteTestNG.run(IDEARemoteTestNG.java:65)
	at com.intellij.rt.testng.RemoteTestNGStarter.main(RemoteTestNGStarter.java:105)
</textarea>
          
        </td>
      </tr>
  </tbody>
</table>
</div>
          </div>
        </li>
        <li class="test-item"  status="fail" test-id="18"
          author=""
          tag=""
          device="">
          <div class="test-detail">
            <p class="name">lastNameRegistrationWithNumber</p>
            <p class="text-sm">
              <span>12:53:10 AM</span> / <span>00:00:04:658</span>
              <span class="badge fail-bg log float-right">Fail</span>
            </p>
          </div>
          <div class="test-contents d-none">
<div class="detail-head">
<div class="p-v-10">
<div class="info">
<h5 class="test-status text-fail">lastNameRegistrationWithNumber</h5>
<span class='badge badge-success'>05.15.2024 12:53:10 AM</span>
<span class='badge badge-danger'>05.15.2024 12:53:14 AM</span>
<span class='badge badge-default'>00:00:04:658</span>
&middot; <span class='uri-anchor badge badge-default'>#test-id=18</span>
<span title='Skip to the next failed step' class='badge badge-danger pointer float-right ne ml-1'><i class="fa fa-fast-forward"></i></span>
<span title='Collapse all nodes' class='badge badge-default pointer float-right ct ml-1'><i class="fa fa-compress"></i></span>
<span title='Expand all nodes' class='badge badge-default pointer float-right et'><i class="fa fa-expand"></i></span>
</div>
</div>
</div>    <div class="row mb-3"><div class="col-md-3">
<img data-featherlight='/Users/yavaar19/Desktop/Portfolio Project/LumaAutomationFramework/src/test/java/Reporting/Screenshots/lastNameRegistrationWithNumber.png' src="/Users/yavaar19/Desktop/Portfolio Project/LumaAutomationFramework/src/test/java/Reporting/Screenshots/lastNameRegistrationWithNumber.png">
    <div class="title">lastNameRegistrationWithNumber</div>
    </div></div>
<div class="detail-body mt-4">
<table class="table table-sm">
  <thead><tr><th class="status-col">Status</th><th class="timestamp-col">Timestamp</th><th class="details-col">Details</th></tr></thead>
  <tbody>
      <tr class="event-row">
        <td><span class="badge log info-bg">Info</span></td>
        <td>12:53:10 AM</td>
        <td>
          Test started
        </td>
      </tr>
      <tr class="event-row">
        <td><span class="badge log fail-bg">Fail</span></td>
        <td>12:53:14 AM</td>
        <td>
          <textarea readonly class="code-block">java.lang.AssertionError: Last name should not contain number: Smith1 expected [Last Name is not valid!] but found [Thank you for registering with Main Website Store.]
	at org.testng.Assert.fail(Assert.java:111)
	at org.testng.Assert.failNotEquals(Assert.java:1578)
	at org.testng.Assert.assertEqualsImpl(Assert.java:150)
	at org.testng.Assert.assertEquals(Assert.java:132)
	at org.testng.Assert.assertEquals(Assert.java:656)
	at TestCase.UnitTest.RegistrationPageTest.lastNameRegistrationWithNumber(RegistrationPageTest.java:290)
	at java.base/jdk.internal.reflect.DirectMethodHandleAccessor.invoke(DirectMethodHandleAccessor.java:103)
	at java.base/java.lang.reflect.Method.invoke(Method.java:580)
	at org.testng.internal.invokers.MethodInvocationHelper.invokeMethod(MethodInvocationHelper.java:141)
	at org.testng.internal.invokers.TestInvoker.invokeMethod(TestInvoker.java:686)
	at org.testng.internal.invokers.TestInvoker.invokeTestMethod(TestInvoker.java:230)
	at org.testng.internal.invokers.MethodRunner.runInSequence(MethodRunner.java:63)
	at org.testng.internal.invokers.TestInvoker$MethodInvocationAgent.invoke(TestInvoker.java:992)
	at org.testng.internal.invokers.TestInvoker.invokeTestMethods(TestInvoker.java:203)
	at org.testng.internal.invokers.TestMethodWorker.invokeTestMethods(TestMethodWorker.java:154)
	at org.testng.internal.invokers.TestMethodWorker.run(TestMethodWorker.java:134)
	at java.base/java.util.ArrayList.forEach(ArrayList.java:1596)
	at org.testng.TestRunner.privateRun(TestRunner.java:739)
	at org.testng.TestRunner.run(TestRunner.java:614)
	at org.testng.SuiteRunner.runTest(SuiteRunner.java:421)
	at org.testng.SuiteRunner.runSequentially(SuiteRunner.java:413)
	at org.testng.SuiteRunner.privateRun(SuiteRunner.java:373)
	at org.testng.SuiteRunner.run(SuiteRunner.java:312)
	at org.testng.SuiteRunnerWorker.runSuite(SuiteRunnerWorker.java:52)
	at org.testng.SuiteRunnerWorker.run(SuiteRunnerWorker.java:95)
	at org.testng.TestNG.runSuitesSequentially(TestNG.java:1274)
	at org.testng.TestNG.runSuitesLocally(TestNG.java:1208)
	at org.testng.TestNG.runSuites(TestNG.java:1112)
	at org.testng.TestNG.run(TestNG.java:1079)
	at com.intellij.rt.testng.IDEARemoteTestNG.run(IDEARemoteTestNG.java:65)
	at com.intellij.rt.testng.RemoteTestNGStarter.main(RemoteTestNGStarter.java:105)
</textarea>
          
        </td>
      </tr>
  </tbody>
</table>
</div>
          </div>
        </li>
        <li class="test-item"  status="fail" test-id="19"
          author=""
          tag=""
          device="">
          <div class="test-detail">
            <p class="name">lastNameRegistrationWithSpace</p>
            <p class="text-sm">
              <span>12:53:17 AM</span> / <span>00:00:06:553</span>
              <span class="badge fail-bg log float-right">Fail</span>
            </p>
          </div>
          <div class="test-contents d-none">
<div class="detail-head">
<div class="p-v-10">
<div class="info">
<h5 class="test-status text-fail">lastNameRegistrationWithSpace</h5>
<span class='badge badge-success'>05.15.2024 12:53:17 AM</span>
<span class='badge badge-danger'>05.15.2024 12:53:24 AM</span>
<span class='badge badge-default'>00:00:06:553</span>
&middot; <span class='uri-anchor badge badge-default'>#test-id=19</span>
<span title='Skip to the next failed step' class='badge badge-danger pointer float-right ne ml-1'><i class="fa fa-fast-forward"></i></span>
<span title='Collapse all nodes' class='badge badge-default pointer float-right ct ml-1'><i class="fa fa-compress"></i></span>
<span title='Expand all nodes' class='badge badge-default pointer float-right et'><i class="fa fa-expand"></i></span>
</div>
</div>
</div>    <div class="row mb-3"><div class="col-md-3">
<img data-featherlight='/Users/yavaar19/Desktop/Portfolio Project/LumaAutomationFramework/src/test/java/Reporting/Screenshots/lastNameRegistrationWithSpace.png' src="/Users/yavaar19/Desktop/Portfolio Project/LumaAutomationFramework/src/test/java/Reporting/Screenshots/lastNameRegistrationWithSpace.png">
    <div class="title">lastNameRegistrationWithSpace</div>
    </div></div>
<div class="detail-body mt-4">
<table class="table table-sm">
  <thead><tr><th class="status-col">Status</th><th class="timestamp-col">Timestamp</th><th class="details-col">Details</th></tr></thead>
  <tbody>
      <tr class="event-row">
        <td><span class="badge log info-bg">Info</span></td>
        <td>12:53:17 AM</td>
        <td>
          Test started
        </td>
      </tr>
      <tr class="event-row">
        <td><span class="badge log fail-bg">Fail</span></td>
        <td>12:53:24 AM</td>
        <td>
          <textarea readonly class="code-block">java.lang.AssertionError: Last name should not contain whitespace: Smi th expected [Last Name is not valid!] but found [Thank you for registering with Main Website Store.]
	at org.testng.Assert.fail(Assert.java:111)
	at org.testng.Assert.failNotEquals(Assert.java:1578)
	at org.testng.Assert.assertEqualsImpl(Assert.java:150)
	at org.testng.Assert.assertEquals(Assert.java:132)
	at org.testng.Assert.assertEquals(Assert.java:656)
	at TestCase.UnitTest.RegistrationPageTest.lastNameRegistrationWithSpace(RegistrationPageTest.java:241)
	at java.base/jdk.internal.reflect.DirectMethodHandleAccessor.invoke(DirectMethodHandleAccessor.java:103)
	at java.base/java.lang.reflect.Method.invoke(Method.java:580)
	at org.testng.internal.invokers.MethodInvocationHelper.invokeMethod(MethodInvocationHelper.java:141)
	at org.testng.internal.invokers.TestInvoker.invokeMethod(TestInvoker.java:686)
	at org.testng.internal.invokers.TestInvoker.invokeTestMethod(TestInvoker.java:230)
	at org.testng.internal.invokers.MethodRunner.runInSequence(MethodRunner.java:63)
	at org.testng.internal.invokers.TestInvoker$MethodInvocationAgent.invoke(TestInvoker.java:992)
	at org.testng.internal.invokers.TestInvoker.invokeTestMethods(TestInvoker.java:203)
	at org.testng.internal.invokers.TestMethodWorker.invokeTestMethods(TestMethodWorker.java:154)
	at org.testng.internal.invokers.TestMethodWorker.run(TestMethodWorker.java:134)
	at java.base/java.util.ArrayList.forEach(ArrayList.java:1596)
	at org.testng.TestRunner.privateRun(TestRunner.java:739)
	at org.testng.TestRunner.run(TestRunner.java:614)
	at org.testng.SuiteRunner.runTest(SuiteRunner.java:421)
	at org.testng.SuiteRunner.runSequentially(SuiteRunner.java:413)
	at org.testng.SuiteRunner.privateRun(SuiteRunner.java:373)
	at org.testng.SuiteRunner.run(SuiteRunner.java:312)
	at org.testng.SuiteRunnerWorker.runSuite(SuiteRunnerWorker.java:52)
	at org.testng.SuiteRunnerWorker.run(SuiteRunnerWorker.java:95)
	at org.testng.TestNG.runSuitesSequentially(TestNG.java:1274)
	at org.testng.TestNG.runSuitesLocally(TestNG.java:1208)
	at org.testng.TestNG.runSuites(TestNG.java:1112)
	at org.testng.TestNG.run(TestNG.java:1079)
	at com.intellij.rt.testng.IDEARemoteTestNG.run(IDEARemoteTestNG.java:65)
	at com.intellij.rt.testng.RemoteTestNGStarter.main(RemoteTestNGStarter.java:105)
</textarea>
          
        </td>
      </tr>
  </tbody>
</table>
</div>
          </div>
        </li>
        <li class="test-item"  status="pass" test-id="20"
          author=""
          tag=""
          device="">
          <div class="test-detail">
            <p class="name">mismatchPasswordRegistration</p>
            <p class="text-sm">
              <span>12:53:27 AM</span> / <span>00:00:01:277</span>
              <span class="badge pass-bg log float-right">Pass</span>
            </p>
          </div>
          <div class="test-contents d-none">
<div class="detail-head">
<div class="p-v-10">
<div class="info">
<h5 class="test-status text-pass">mismatchPasswordRegistration</h5>
<span class='badge badge-success'>05.15.2024 12:53:27 AM</span>
<span class='badge badge-danger'>05.15.2024 12:53:28 AM</span>
<span class='badge badge-default'>00:00:01:277</span>
&middot; <span class='uri-anchor badge badge-default'>#test-id=20</span>
<span title='Skip to the next failed step' class='badge badge-danger pointer float-right ne ml-1'><i class="fa fa-fast-forward"></i></span>
<span title='Collapse all nodes' class='badge badge-default pointer float-right ct ml-1'><i class="fa fa-compress"></i></span>
<span title='Expand all nodes' class='badge badge-default pointer float-right et'><i class="fa fa-expand"></i></span>
</div>
</div>
</div><div class="detail-body mt-4">
<table class="table table-sm">
  <thead><tr><th class="status-col">Status</th><th class="timestamp-col">Timestamp</th><th class="details-col">Details</th></tr></thead>
  <tbody>
      <tr class="event-row">
        <td><span class="badge log info-bg">Info</span></td>
        <td>12:53:27 AM</td>
        <td>
          Test started
        </td>
      </tr>
      <tr class="event-row">
        <td><span class="badge log pass-bg">Pass</span></td>
        <td>12:53:28 AM</td>
        <td>
          Test Passed!
        </td>
      </tr>
  </tbody>
</table>
</div>
          </div>
        </li>
        <li class="test-item"  status="pass" test-id="21"
          author=""
          tag=""
          device="">
          <div class="test-detail">
            <p class="name">samePasswordWithDifferentCapitalizationPasswordRegistration</p>
            <p class="text-sm">
              <span>12:53:31 AM</span> / <span>00:00:03:664</span>
              <span class="badge pass-bg log float-right">Pass</span>
            </p>
          </div>
          <div class="test-contents d-none">
<div class="detail-head">
<div class="p-v-10">
<div class="info">
<h5 class="test-status text-pass">samePasswordWithDifferentCapitalizationPasswordRegistration</h5>
<span class='badge badge-success'>05.15.2024 12:53:31 AM</span>
<span class='badge badge-danger'>05.15.2024 12:53:34 AM</span>
<span class='badge badge-default'>00:00:03:664</span>
&middot; <span class='uri-anchor badge badge-default'>#test-id=21</span>
<span title='Skip to the next failed step' class='badge badge-danger pointer float-right ne ml-1'><i class="fa fa-fast-forward"></i></span>
<span title='Collapse all nodes' class='badge badge-default pointer float-right ct ml-1'><i class="fa fa-compress"></i></span>
<span title='Expand all nodes' class='badge badge-default pointer float-right et'><i class="fa fa-expand"></i></span>
</div>
</div>
</div><div class="detail-body mt-4">
<table class="table table-sm">
  <thead><tr><th class="status-col">Status</th><th class="timestamp-col">Timestamp</th><th class="details-col">Details</th></tr></thead>
  <tbody>
      <tr class="event-row">
        <td><span class="badge log info-bg">Info</span></td>
        <td>12:53:31 AM</td>
        <td>
          Test started
        </td>
      </tr>
      <tr class="event-row">
        <td><span class="badge log pass-bg">Pass</span></td>
        <td>12:53:34 AM</td>
        <td>
          Test Passed!
        </td>
      </tr>
  </tbody>
</table>
</div>
          </div>
        </li>
        <li class="test-item"  status="pass" test-id="22"
          author=""
          tag=""
          device="">
          <div class="test-detail">
            <p class="name">successfulRegistration</p>
            <p class="text-sm">
              <span>12:53:37 AM</span> / <span>00:00:03:878</span>
              <span class="badge pass-bg log float-right">Pass</span>
            </p>
          </div>
          <div class="test-contents d-none">
<div class="detail-head">
<div class="p-v-10">
<div class="info">
<h5 class="test-status text-pass">successfulRegistration</h5>
<span class='badge badge-success'>05.15.2024 12:53:37 AM</span>
<span class='badge badge-danger'>05.15.2024 12:53:41 AM</span>
<span class='badge badge-default'>00:00:03:878</span>
&middot; <span class='uri-anchor badge badge-default'>#test-id=22</span>
<span title='Skip to the next failed step' class='badge badge-danger pointer float-right ne ml-1'><i class="fa fa-fast-forward"></i></span>
<span title='Collapse all nodes' class='badge badge-default pointer float-right ct ml-1'><i class="fa fa-compress"></i></span>
<span title='Expand all nodes' class='badge badge-default pointer float-right et'><i class="fa fa-expand"></i></span>
</div>
</div>
</div><div class="detail-body mt-4">
<table class="table table-sm">
  <thead><tr><th class="status-col">Status</th><th class="timestamp-col">Timestamp</th><th class="details-col">Details</th></tr></thead>
  <tbody>
      <tr class="event-row">
        <td><span class="badge log info-bg">Info</span></td>
        <td>12:53:37 AM</td>
        <td>
          Test started
        </td>
      </tr>
      <tr class="event-row">
        <td><span class="badge log pass-bg">Pass</span></td>
        <td>12:53:41 AM</td>
        <td>
          Test Passed!
        </td>
      </tr>
  </tbody>
</table>
</div>
          </div>
        </li>
        <li class="test-item"  status="pass" test-id="23"
          author=""
          tag=""
          device="">
          <div class="test-detail">
            <p class="name">twoDifferentClassesPasswordRegistration</p>
            <p class="text-sm">
              <span>12:53:43 AM</span> / <span>00:00:02:280</span>
              <span class="badge pass-bg log float-right">Pass</span>
            </p>
          </div>
          <div class="test-contents d-none">
<div class="detail-head">
<div class="p-v-10">
<div class="info">
<h5 class="test-status text-pass">twoDifferentClassesPasswordRegistration</h5>
<span class='badge badge-success'>05.15.2024 12:53:43 AM</span>
<span class='badge badge-danger'>05.15.2024 12:53:45 AM</span>
<span class='badge badge-default'>00:00:02:280</span>
&middot; <span class='uri-anchor badge badge-default'>#test-id=23</span>
<span title='Skip to the next failed step' class='badge badge-danger pointer float-right ne ml-1'><i class="fa fa-fast-forward"></i></span>
<span title='Collapse all nodes' class='badge badge-default pointer float-right ct ml-1'><i class="fa fa-compress"></i></span>
<span title='Expand all nodes' class='badge badge-default pointer float-right et'><i class="fa fa-expand"></i></span>
</div>
</div>
</div><div class="detail-body mt-4">
<table class="table table-sm">
  <thead><tr><th class="status-col">Status</th><th class="timestamp-col">Timestamp</th><th class="details-col">Details</th></tr></thead>
  <tbody>
      <tr class="event-row">
        <td><span class="badge log info-bg">Info</span></td>
        <td>12:53:43 AM</td>
        <td>
          Test started
        </td>
      </tr>
      <tr class="event-row">
        <td><span class="badge log pass-bg">Pass</span></td>
        <td>12:53:45 AM</td>
        <td>
          Test Passed!
        </td>
      </tr>
  </tbody>
</table>
</div>
          </div>
        </li>
        <li class="test-item"  status="pass" test-id="24"
          author=""
          tag=""
          device="">
          <div class="test-detail">
            <p class="name">emailRegistrationDoesNotAllowSpace</p>
            <p class="text-sm">
              <span>12:53:49 AM</span> / <span>00:00:01:745</span>
              <span class="badge pass-bg log float-right">Pass</span>
            </p>
          </div>
          <div class="test-contents d-none">
<div class="detail-head">
<div class="p-v-10">
<div class="info">
<h5 class="test-status text-pass">emailRegistrationDoesNotAllowSpace</h5>
<span class='badge badge-success'>05.15.2024 12:53:49 AM</span>
<span class='badge badge-danger'>05.15.2024 12:53:51 AM</span>
<span class='badge badge-default'>00:00:01:745</span>
&middot; <span class='uri-anchor badge badge-default'>#test-id=24</span>
<span title='Skip to the next failed step' class='badge badge-danger pointer float-right ne ml-1'><i class="fa fa-fast-forward"></i></span>
<span title='Collapse all nodes' class='badge badge-default pointer float-right ct ml-1'><i class="fa fa-compress"></i></span>
<span title='Expand all nodes' class='badge badge-default pointer float-right et'><i class="fa fa-expand"></i></span>
</div>
</div>
</div><div class="detail-body mt-4">
<table class="table table-sm">
  <thead><tr><th class="status-col">Status</th><th class="timestamp-col">Timestamp</th><th class="details-col">Details</th></tr></thead>
  <tbody>
      <tr class="event-row">
        <td><span class="badge log info-bg">Info</span></td>
        <td>12:53:49 AM</td>
        <td>
          Test started
        </td>
      </tr>
      <tr class="event-row">
        <td><span class="badge log pass-bg">Pass</span></td>
        <td>12:53:51 AM</td>
        <td>
          Test Passed!
        </td>
      </tr>
  </tbody>
</table>
</div>
          </div>
        </li>
        <li class="test-item"  status="pass" test-id="25"
          author=""
          tag=""
          device="">
          <div class="test-detail">
            <p class="name">lastNameRegistrationWithSpecialCharacter</p>
            <p class="text-sm">
              <span>12:53:53 AM</span> / <span>00:00:17:667</span>
              <span class="badge pass-bg log float-right">Pass</span>
            </p>
          </div>
          <div class="test-contents d-none">
<div class="detail-head">
<div class="p-v-10">
<div class="info">
<h5 class="test-status text-pass">lastNameRegistrationWithSpecialCharacter</h5>
<span class='badge badge-success'>05.15.2024 12:53:53 AM</span>
<span class='badge badge-danger'>05.15.2024 12:54:11 AM</span>
<span class='badge badge-default'>00:00:17:667</span>
&middot; <span class='uri-anchor badge badge-default'>#test-id=25</span>
<span title='Skip to the next failed step' class='badge badge-danger pointer float-right ne ml-1'><i class="fa fa-fast-forward"></i></span>
<span title='Collapse all nodes' class='badge badge-default pointer float-right ct ml-1'><i class="fa fa-compress"></i></span>
<span title='Expand all nodes' class='badge badge-default pointer float-right et'><i class="fa fa-expand"></i></span>
</div>
</div>
</div><div class="detail-body mt-4">
<table class="table table-sm">
  <thead><tr><th class="status-col">Status</th><th class="timestamp-col">Timestamp</th><th class="details-col">Details</th></tr></thead>
  <tbody>
      <tr class="event-row">
        <td><span class="badge log info-bg">Info</span></td>
        <td>12:53:53 AM</td>
        <td>
          Test started
        </td>
      </tr>
      <tr class="event-row">
        <td><span class="badge log pass-bg">Pass</span></td>
        <td>12:54:11 AM</td>
        <td>
          Test Passed!
        </td>
      </tr>
  </tbody>
</table>
</div>
          </div>
        </li>
        <li class="test-item"  status="pass" test-id="26"
          author=""
          tag=""
          device="">
          <div class="test-detail">
            <p class="name">threeCharacterPasswordRegistration</p>
            <p class="text-sm">
              <span>12:54:14 AM</span> / <span>00:00:01:202</span>
              <span class="badge pass-bg log float-right">Pass</span>
            </p>
          </div>
          <div class="test-contents d-none">
<div class="detail-head">
<div class="p-v-10">
<div class="info">
<h5 class="test-status text-pass">threeCharacterPasswordRegistration</h5>
<span class='badge badge-success'>05.15.2024 12:54:14 AM</span>
<span class='badge badge-danger'>05.15.2024 12:54:15 AM</span>
<span class='badge badge-default'>00:00:01:202</span>
&middot; <span class='uri-anchor badge badge-default'>#test-id=26</span>
<span title='Skip to the next failed step' class='badge badge-danger pointer float-right ne ml-1'><i class="fa fa-fast-forward"></i></span>
<span title='Collapse all nodes' class='badge badge-default pointer float-right ct ml-1'><i class="fa fa-compress"></i></span>
<span title='Expand all nodes' class='badge badge-default pointer float-right et'><i class="fa fa-expand"></i></span>
</div>
</div>
</div><div class="detail-body mt-4">
<table class="table table-sm">
  <thead><tr><th class="status-col">Status</th><th class="timestamp-col">Timestamp</th><th class="details-col">Details</th></tr></thead>
  <tbody>
      <tr class="event-row">
        <td><span class="badge log info-bg">Info</span></td>
        <td>12:54:14 AM</td>
        <td>
          Test started
        </td>
      </tr>
      <tr class="event-row">
        <td><span class="badge log pass-bg">Pass</span></td>
        <td>12:54:15 AM</td>
        <td>
          Test Passed!
        </td>
      </tr>
  </tbody>
</table>
</div>
          </div>
        </li>
        <li class="test-item"  status="pass" test-id="27"
          author=""
          tag=""
          device="">
          <div class="test-detail">
            <p class="name">threeDifferentClassesPasswordRegistration</p>
            <p class="text-sm">
              <span>12:54:17 AM</span> / <span>00:00:05:125</span>
              <span class="badge pass-bg log float-right">Pass</span>
            </p>
          </div>
          <div class="test-contents d-none">
<div class="detail-head">
<div class="p-v-10">
<div class="info">
<h5 class="test-status text-pass">threeDifferentClassesPasswordRegistration</h5>
<span class='badge badge-success'>05.15.2024 12:54:17 AM</span>
<span class='badge badge-danger'>05.15.2024 12:54:22 AM</span>
<span class='badge badge-default'>00:00:05:125</span>
&middot; <span class='uri-anchor badge badge-default'>#test-id=27</span>
<span title='Skip to the next failed step' class='badge badge-danger pointer float-right ne ml-1'><i class="fa fa-fast-forward"></i></span>
<span title='Collapse all nodes' class='badge badge-default pointer float-right ct ml-1'><i class="fa fa-compress"></i></span>
<span title='Expand all nodes' class='badge badge-default pointer float-right et'><i class="fa fa-expand"></i></span>
</div>
</div>
</div><div class="detail-body mt-4">
<table class="table table-sm">
  <thead><tr><th class="status-col">Status</th><th class="timestamp-col">Timestamp</th><th class="details-col">Details</th></tr></thead>
  <tbody>
      <tr class="event-row">
        <td><span class="badge log info-bg">Info</span></td>
        <td>12:54:17 AM</td>
        <td>
          Test started
        </td>
      </tr>
      <tr class="event-row">
        <td><span class="badge log pass-bg">Pass</span></td>
        <td>12:54:22 AM</td>
        <td>
          Test Passed!
        </td>
      </tr>
  </tbody>
</table>
</div>
          </div>
        </li>
        <li class="test-item"  status="pass" test-id="28"
          author=""
          tag=""
          device="">
          <div class="test-detail">
            <p class="name">existingEmailRegistration</p>
            <p class="text-sm">
              <span>12:54:25 AM</span> / <span>00:00:02:088</span>
              <span class="badge pass-bg log float-right">Pass</span>
            </p>
          </div>
          <div class="test-contents d-none">
<div class="detail-head">
<div class="p-v-10">
<div class="info">
<h5 class="test-status text-pass">existingEmailRegistration</h5>
<span class='badge badge-success'>05.15.2024 12:54:25 AM</span>
<span class='badge badge-danger'>05.15.2024 12:54:27 AM</span>
<span class='badge badge-default'>00:00:02:088</span>
&middot; <span class='uri-anchor badge badge-default'>#test-id=28</span>
<span title='Skip to the next failed step' class='badge badge-danger pointer float-right ne ml-1'><i class="fa fa-fast-forward"></i></span>
<span title='Collapse all nodes' class='badge badge-default pointer float-right ct ml-1'><i class="fa fa-compress"></i></span>
<span title='Expand all nodes' class='badge badge-default pointer float-right et'><i class="fa fa-expand"></i></span>
</div>
</div>
</div><div class="detail-body mt-4">
<table class="table table-sm">
  <thead><tr><th class="status-col">Status</th><th class="timestamp-col">Timestamp</th><th class="details-col">Details</th></tr></thead>
  <tbody>
      <tr class="event-row">
        <td><span class="badge log info-bg">Info</span></td>
        <td>12:54:25 AM</td>
        <td>
          Test started
        </td>
      </tr>
      <tr class="event-row">
        <td><span class="badge log pass-bg">Pass</span></td>
        <td>12:54:27 AM</td>
        <td>
          Test Passed!
        </td>
      </tr>
  </tbody>
</table>
</div>
          </div>
        </li>
      </ul>
    </div>
  </div>
<div class="test-content scrollable">
<div class="test-content-tools">
<ul><li><a class="back-to-test" href="#"><i class="fa fa-arrow-left"></i></a></li></ul>
</div>
<div class="test-content-detail"><div class="detail-body"></div></div>
</div></div>
<div class="test-wrapper row view exception-view attributes-view">
<div class="test-list">
<div class="test-list-tools">
<ul class="tools pull-left"><li><a href=""><span class="font-size-14">Exception</span></a></li></ul>
<ul class="tools text-right"><li><a href="#"><span class="badge badge-primary">1</span></a></li></ul>
</div>
<div class="test-list-wrapper scrollable">
<ul class="test-list-item">
<li class="test-item">
<div class="test-detail">
<span class="meta">
<span class='badge log badge-danger'>7</span>
</span>
<p class="name">java.lang.AssertionError</p>
<p class="duration text-sm">7 tests</p>
</div>
<div class="test-contents d-none">
<div class="info">
<h4>java.lang.AssertionError</h4>
<span status="fail" class='badge log badge-danger'>7 failed</span>
</div>
<table class='table table-sm mt-4'>
<thead>
<tr>
<th class="status-col">Status</th>
<th class="timestamp-col">Timestamp</th>
<th>TestName</th>
</tr>
</thead>
<tbody>
<tr class="tag-test-status" status="fail">
<td><span class="badge log fail-bg">Fail</span></td>
<td>00:51:48 AM</td>
<td>
<a href="#" class="linked" test-id='7' id='7'>brokenLinksRegistration</a>
</td>
</tr>
<tr class="tag-test-status" status="fail">
<td><span class="badge log fail-bg">Fail</span></td>
<td>00:52:27 AM</td>
<td>
<a href="#" class="linked" test-id='11' id='11'>emailRegistrationInvalidEmail</a>
</td>
</tr>
<tr class="tag-test-status" status="fail">
<td><span class="badge log fail-bg">Fail</span></td>
<td>00:52:37 AM</td>
<td>
<a href="#" class="linked" test-id='13' id='13'>firstNameRegistrationWithNumber</a>
</td>
</tr>
<tr class="tag-test-status" status="fail">
<td><span class="badge log fail-bg">Fail</span></td>
<td>00:52:44 AM</td>
<td>
<a href="#" class="linked" test-id='14' id='14'>firstNameRegistrationWithSpace</a>
</td>
</tr>
<tr class="tag-test-status" status="fail">
<td><span class="badge log fail-bg">Fail</span></td>
<td>00:53:06 AM</td>
<td>
<a href="#" class="linked" test-id='17' id='17'>getConsoleErrorLogsRegistration</a>
</td>
</tr>
<tr class="tag-test-status" status="fail">
<td><span class="badge log fail-bg">Fail</span></td>
<td>00:53:10 AM</td>
<td>
<a href="#" class="linked" test-id='18' id='18'>lastNameRegistrationWithNumber</a>
</td>
</tr>
<tr class="tag-test-status" status="fail">
<td><span class="badge log fail-bg">Fail</span></td>
<td>00:53:17 AM</td>
<td>
<a href="#" class="linked" test-id='19' id='19'>lastNameRegistrationWithSpace</a>
</td>
</tr>
</tbody>
</table>
</div>
</li>
</ul>
</div>
</div>
<div class="test-content scrollable">
<div class="test-content-detail">
<div class="detail-body"></div>
</div>
</div>
</div><div class="container-fluid p-4 view dashboard-view">
<div class="row">
<div class="col-md-3">
<div class="card"><div class="card-body">
<p class="m-b-0">Started</p>
<h3>May 15, 2024 12:51:16 AM</h3>
</div></div>
</div>
<div class="col-md-3">
<div class="card"><div class="card-body">
<p class="m-b-0">Ended</p>
<h3>May 15, 2024 12:54:27 AM</h3>
</div></div>
</div>
<div class="col-md-3">
<div class="card"><div class="card-body">
<p class="m-b-0 text-pass">Tests Passed</p>
<h3>21</h3>
</div></div>
</div>
<div class="col-md-3">
<div class="card"><div class="card-body">
<p class="m-b-0 text-fail">Tests Failed</p>
<h3>7</h3>
</div></div>
</div>
</div>
<div class="row">
<div class="col-md-6">
<div class="card">
<div class="card-header">
<h6 class="card-title">Tests</h6>
</div>
<div class="card-body">
<div class="">
<canvas id='parent-analysis' width='115' height='90'></canvas>
</div>
</div>
<div class="card-footer">
<div><small data-tooltip='75%'>
<b>21</b> tests passed
</small>
</div>
<div>
<small data-tooltip='25%'><b>7</b> tests failed,
<b>0</b> skipped, <b data-tooltip='0%'>0</b> others
</small>
</div>
</div>
</div>
</div>
<div class="col-md-6">
<div class="card">
<div class="card-header">
<h6 class="card-title">Log events</h6>
</div>
<div class="card-body">
<div class="">
<canvas id='events-analysis' width='115' height='90'></canvas>
</div>
</div>
<div class="card-footer">
<div><small data-tooltip='36%'><b>20</b> events passed</small></div>
<div>
<small data-tooltip='12%'><b>7</b> events failed,
<b data-tooltip='%'>28</b> others
</small>
</div>
</div>
</div>
</div>
</div>
<div class="row"><div class="col-md-12">
<div class="card"><div class="card-header"><p>Timeline</p></div>
<div class="card-body pt-0"><div>
<canvas id="timeline" height="120"></canvas>
</div></div>
</div>
</div></div>
<script>
var timeline = {
"blankConfirmationPasswordRegistration":1.774,"blankEmailRegistration":1.417,"blankFirstNameRegistration":1.457,"blankFormRegistration":1.248,"blankLastNameRegistration":2.196,"blankPasswordRegistration":3.398,"brokenLinksRegistration":19.746,"emailRegistrationDoesNotAllowConsecutivePeriod":1.135,"emailRegistrationDoesNotAllowLeadingSpecialCharacter":1.275,"emailRegistrationDoesNotAllowTrailingSpecialCharacter":1.953,"emailRegistrationInvalidEmail":3.805,"emailRegistrationWithoutAtSign":1.084,"firstNameRegistrationWithNumber":4.262,"firstNameRegistrationWithSpace":4.536,"firstNameRegistrationWithSpecialCharacter":0,"firstNameRegistrationWithSpecialCharacter":3.059,"getConsoleErrorLogsRegistration":0.995,"lastNameRegistrationWithNumber":4.658,"lastNameRegistrationWithSpace":6.553,"mismatchPasswordRegistration":1.277,"samePasswordWithDifferentCapitalizationPasswordRegistration":3.664,"successfulRegistration":3.878,"twoDifferentClassesPasswordRegistration":2.28,"emailRegistrationDoesNotAllowSpace":1.745,"lastNameRegistrationWithSpecialCharacter":17.667,"threeCharacterPasswordRegistration":1.202,"threeDifferentClassesPasswordRegistration":5.125,"existingEmailRegistration":2.088
};
</script>
<div class="row">
<div class="col-lg-6 col-md-12 sysenv-container">
<div class="card">
<div class="card-header"><p>System/Environment</p></div>
<div class="card-body pb-0 pt-0"><table class="table table-sm table-bordered">
<thead><tr class="bg-gray"><th>Name</th><th>Value</th></tr></thead>
<tbody>
<tr>
<td>Tester</td>
<td>Yavaar Nosimohomed</td>
</tr>
</tbody>
</table></div>
</div>
</div>
</div>
</div>
<script>
var statusGroup = {
parentCount: 5,
passParent: 21,
failParent: 7,
warningParent: 0,
skipParent: 0,
childCount: 5,
passChild: 0,
failChild: 0,
warningChild: 0,
skipChild: 0,
infoChild: 0,
grandChildCount: 5,
passGrandChild: 0,
failGrandChild: 0,
warningGrandChild: 0,
skipGrandChild: 0,
infoGrandChild: 0,
eventsCount: 5,
passEvents: 20,
failEvents: 7,
warningEvents: 0,
skipEvents: 0,
infoEvents: 28
};
</script>        </div>
      </div>
    </div>
  </div>
<script src="https://cdn.jsdelivr.net/gh/extent-framework/extent-github-cdn@ce8b10435bcbae260c334c0d0c6b61d2c19b6168/spark/js/spark-script.js"></script>
<script type="text/javascript"></script></body>
</html>